2026-07-09 15:12:36,631 - Exp8 - INFO - ======================================================================
2026-07-09 15:12:36,631 - Exp8 - INFO - exp8: 吸引子定向分化损失 公式(A) 三体制受控检验
2026-07-09 15:12:36,631 - Exp8 - INFO - 时间: 2026-07-09T15:12:36.631722
2026-07-09 15:12:36,631 - Exp8 - INFO - 配置: 300 故事, max_seq_len=160, epochs=8
2026-07-09 15:12:36,631 - Exp8 - INFO - scipy 可用: True
2026-07-09 15:12:36,631 - Exp8 - INFO - ======================================================================
2026-07-09 15:12:36,631 - Exp8 - INFO - 生成增强闭合数据集 + 灵活标签...
2026-07-09 15:12:36,841 - Exp8 - INFO - 数据统计: phys=300, flex_pos=300, flex_neg=300
2026-07-09 15:12:36,841 - Exp8 - INFO - 
======================================================================
2026-07-09 15:12:36,841 - Exp8 - INFO - 体制 A: Baseline (纯LM)
2026-07-09 15:12:36,841 - Exp8 - INFO - ======================================================================
2026-07-09 15:12:36,841 - Exp8 - INFO - ============================================================
2026-07-09 15:12:36,841 - Exp8 - INFO - 体制 A (A_baseline_LM): 开始训练
2026-07-09 15:12:36,841 - Exp8 - INFO - ============================================================
2026-07-09 15:12:39,252 - Trainer - INFO - Epoch 1/8 | Train Loss: 3.2269 | Val Loss: 2.7503 | LM: 3.2269 | Causal: 0.0000 | Closure: 0.0000 | ClosureContr: 0.0000 | RigidFlex: 0.0000
2026-07-09 15:12:39,800 - Trainer - INFO - Epoch 2/8 | Train Loss: 2.6819 | Val Loss: 2.5871 | LM: 2.6819 | Causal: 0.0000 | Closure: 0.0000 | ClosureContr: 0.0000 | RigidFlex: 0.0000
2026-07-09 15:12:40,310 - Trainer - INFO - Epoch 3/8 | Train Loss: 2.5752 | Val Loss: 2.4549 | LM: 2.5752 | Causal: 0.0000 | Closure: 0.0000 | ClosureContr: 0.0000 | RigidFlex: 0.0000
2026-07-09 15:12:40,840 - Trainer - INFO - Epoch 4/8 | Train Loss: 2.3647 | Val Loss: 2.0337 | LM: 2.3647 | Causal: 0.0000 | Closure: 0.0000 | ClosureContr: 0.0000 | RigidFlex: 0.0000
2026-07-09 15:12:41,404 - Trainer - INFO - Epoch 5/8 | Train Loss: 1.8790 | Val Loss: 1.4694 | LM: 1.8790 | Causal: 0.0000 | Closure: 0.0000 | ClosureContr: 0.0000 | RigidFlex: 0.0000
2026-07-09 15:12:41,909 - Trainer - INFO - Epoch 6/8 | Train Loss: 1.4832 | Val Loss: 1.2414 | LM: 1.4832 | Causal: 0.0000 | Closure: 0.0000 | ClosureContr: 0.0000 | RigidFlex: 0.0000
2026-07-09 15:12:42,405 - Trainer - INFO - Epoch 7/8 | Train Loss: 1.2980 | Val Loss: 1.1616 | LM: 1.2980 | Causal: 0.0000 | Closure: 0.0000 | ClosureContr: 0.0000 | RigidFlex: 0.0000
2026-07-09 15:12:42,911 - Trainer - INFO - Epoch 8/8 | Train Loss: 1.2080 | Val Loss: 1.1229 | LM: 1.2080 | Causal: 0.0000 | Closure: 0.0000 | ClosureContr: 0.0000 | RigidFlex: 0.0000
C:\Users\51615\AppData\Local\Programs\Python\Python311\Lib\site-packages\scipy\stats\_wilcoxon.py:181: RuntimeWarning: invalid value encountered in scalar divide
  z = (r_plus - mn) / se
2026-07-09 15:12:42,945 - Exp8 - INFO - 
======================================================================
2026-07-09 15:12:42,945 - Exp8 - INFO - 体制 B: 旧阈值惩罚 公式(R)
2026-07-09 15:12:42,945 - Exp8 - INFO - ======================================================================
2026-07-09 15:12:42,945 - Exp8 - INFO - ============================================================
2026-07-09 15:12:42,945 - Exp8 - INFO - 体制 B (B_threshold_R): 开始训练
2026-07-09 15:12:42,945 - Exp8 - INFO - ============================================================
2026-07-09 15:12:43,725 - Trainer - INFO - Epoch 1/8 | Train Loss: 7.4078 | Val Loss: 2.9313 | LM: 3.4824 | Causal: 0.0000 | Closure: 0.0000 | ClosureContr: 0.0000 | RigidFlex: 3.9254
2026-07-09 15:12:44,319 - Trainer - INFO - Epoch 2/8 | Train Loss: 3.2772 | Val Loss: 2.6349 | LM: 2.7727 | Causal: 0.0000 | Closure: 0.0000 | ClosureContr: 0.0000 | RigidFlex: 0.5046
2026-07-09 15:12:44,927 - Trainer - INFO - Epoch 3/8 | Train Loss: 2.7510 | Val Loss: 2.5971 | LM: 2.6426 | Causal: 0.0000 | Closure: 0.0000 | ClosureContr: 0.0000 | RigidFlex: 0.1085
2026-07-09 15:12:45,550 - Trainer - INFO - Epoch 4/8 | Train Loss: 2.6741 | Val Loss: 2.5823 | LM: 2.6213 | Causal: 0.0000 | Closure: 0.0000 | ClosureContr: 0.0000 | RigidFlex: 0.0528
2026-07-09 15:12:46,187 - Trainer - INFO - Epoch 5/8 | Train Loss: 2.6464 | Val Loss: 2.5739 | LM: 2.6096 | Causal: 0.0000 | Closure: 0.0000 | ClosureContr: 0.0000 | RigidFlex: 0.0368
2026-07-09 15:12:46,825 - Trainer - INFO - Epoch 6/8 | Train Loss: 2.6240 | Val Loss: 2.5476 | LM: 2.5929 | Causal: 0.0000 | Closure: 0.0000 | ClosureContr: 0.0000 | RigidFlex: 0.0311
2026-07-09 15:12:47,468 - Trainer - INFO - Epoch 7/8 | Train Loss: 2.5963 | Val Loss: 2.5212 | LM: 2.5667 | Causal: 0.0000 | Closure: 0.0000 | ClosureContr: 0.0000 | RigidFlex: 0.0296
2026-07-09 15:12:48,123 - Trainer - INFO - Epoch 8/8 | Train Loss: 2.5599 | Val Loss: 2.4565 | LM: 2.5327 | Causal: 0.0000 | Closure: 0.0000 | ClosureContr: 0.0000 | RigidFlex: 0.0272
2026-07-09 15:12:48,157 - Exp8 - INFO - 
======================================================================
2026-07-09 15:12:48,157 - Exp8 - INFO - 体制 C: 吸引子定向分化 公式(A)
2026-07-09 15:12:48,157 - Exp8 - INFO - ======================================================================
2026-07-09 15:12:48,157 - Exp8 - INFO - ============================================================
2026-07-09 15:12:48,157 - Exp8 - INFO - 体制 C (C_attractor_A): 开始训练
2026-07-09 15:12:48,157 - Exp8 - INFO - ============================================================
2026-07-09 15:12:48,176 - Exp8 - WARNING - flex_pos 转移不足, 使用默认值 F*=0.01, m=0.1
2026-07-09 15:12:48,176 - Exp8 - INFO - Phase 1 完成: F_flex*=0.010000, m=0.100000, Shapiro-Wilk p=N/A
2026-07-09 15:12:48,767 - Trainer - INFO - Epoch 1/8 | Train Loss: 3.2054 | Val Loss: 2.7478 | LM: 3.2054 | Causal: 0.0000 | Closure: 0.0000 | ClosureContr: 0.0000 | RigidFlex: 0.0000
2026-07-09 15:12:49,310 - Trainer - INFO - Epoch 2/8 | Train Loss: 2.6773 | Val Loss: 2.5788 | LM: 2.6773 | Causal: 0.0000 | Closure: 0.0000 | ClosureContr: 0.0000 | RigidFlex: 0.0000
2026-07-09 15:12:49,861 - Trainer - INFO - Epoch 3/8 | Train Loss: 2.5571 | Val Loss: 2.4240 | LM: 2.5571 | Causal: 0.0000 | Closure: 0.0000 | ClosureContr: 0.0000 | RigidFlex: 0.0000
2026-07-09 15:12:50,405 - Trainer - INFO - Epoch 4/8 | Train Loss: 2.3052 | Val Loss: 1.8603 | LM: 2.3052 | Causal: 0.0000 | Closure: 0.0000 | ClosureContr: 0.0000 | RigidFlex: 0.0000
2026-07-09 15:12:50,957 - Trainer - INFO - Epoch 5/8 | Train Loss: 1.8072 | Val Loss: 1.4191 | LM: 1.8072 | Causal: 0.0000 | Closure: 0.0000 | ClosureContr: 0.0000 | RigidFlex: 0.0000
2026-07-09 15:12:51,503 - Trainer - INFO - Epoch 6/8 | Train Loss: 1.4583 | Val Loss: 1.2578 | LM: 1.4583 | Causal: 0.0000 | Closure: 0.0000 | ClosureContr: 0.0000 | RigidFlex: 0.0000
2026-07-09 15:12:52,053 - Trainer - INFO - Epoch 7/8 | Train Loss: 1.3001 | Val Loss: 1.1761 | LM: 1.3001 | Causal: 0.0000 | Closure: 0.0000 | ClosureContr: 0.0000 | RigidFlex: 0.0000
2026-07-09 15:12:52,604 - Trainer - INFO - Epoch 8/8 | Train Loss: 1.2173 | Val Loss: 1.1353 | LM: 1.2173 | Causal: 0.0000 | Closure: 0.0000 | ClosureContr: 0.0000 | RigidFlex: 0.0000
2026-07-09 15:12:53,005 - Exp8 - INFO - Phase 3: λ 扫描开始...
C:\Users\51615\Desktop\2026.7.9.8.43对称、破缺与约束场\_run_exp8.py:842: UserWarning: Converting a tensor with requires_grad=True to a scalar may lead to unexpected behavior.
Consider using tensor.detach() first. (Triggered internally at C:\actions-runner\_work\pytorch\pytorch\torch\csrc\autograd\generated\python_variable_methods.cpp:839.)
  phys_curv_log.append(float(p_curv.mean()))
2026-07-09 15:12:53,262 - Exp8 - INFO -   Step 0/100: total=0.034821, phys=0.005704, flex_pos=0.000166, flex_neg=0.028951
2026-07-09 15:13:05,936 - Exp8 - INFO -   Step 50/100: total=0.006586, phys=0.004753, flex_pos=0.001441, flex_neg=0.000392
2026-07-09 15:13:18,068 - Exp8 - INFO -   Step 99/100: total=0.004257, phys=0.002376, flex_pos=0.001466, flex_neg=0.000416
2026-07-09 15:13:19,514 - Exp8 - INFO -   Step 0/100: total=0.026353, phys=0.005466, flex_pos=0.000314, flex_neg=0.020573
2026-07-09 15:13:32,397 - Exp8 - INFO -   Step 50/100: total=0.005438, phys=0.003927, flex_pos=0.001510, flex_neg=0.000000
2026-07-09 15:13:45,067 - Exp8 - INFO -   Step 99/100: total=0.003645, phys=0.001873, flex_pos=0.001419, flex_neg=0.000353
2026-07-09 15:13:47,530 - Exp8 - INFO -   Step 0/100: total=0.029616, phys=0.006159, flex_pos=0.000275, flex_neg=0.023183
2026-07-09 15:13:59,937 - Exp8 - INFO -   Step 50/100: total=0.005669, phys=0.003967, flex_pos=0.001702, flex_neg=0.000000
2026-07-09 15:14:12,669 - Exp8 - INFO -   Step 99/100: total=0.003547, phys=0.002037, flex_pos=0.001510, flex_neg=0.000000
2026-07-09 15:14:14,825 - Exp8 - INFO -   Step 0/100: total=0.033235, phys=0.006321, flex_pos=0.001294, flex_neg=0.025620
2026-07-09 15:14:28,754 - Exp8 - INFO -   Step 50/100: total=0.011081, phys=0.004554, flex_pos=0.006083, flex_neg=0.000445
2026-07-09 15:14:42,145 - Exp8 - INFO -   Step 99/100: total=0.009643, phys=0.002260, flex_pos=0.006203, flex_neg=0.001180
2026-07-09 15:14:44,535 - Exp8 - INFO -   Step 0/100: total=0.033034, phys=0.005363, flex_pos=0.001139, flex_neg=0.026531
2026-07-09 15:14:58,635 - Exp8 - INFO -   Step 50/100: total=0.010787, phys=0.003801, flex_pos=0.005428, flex_neg=0.001558
2026-07-09 15:15:12,148 - Exp8 - INFO -   Step 99/100: total=0.010399, phys=0.002210, flex_pos=0.006190, flex_neg=0.001999
2026-07-09 15:15:14,365 - Exp8 - INFO -   Step 0/100: total=0.032067, phys=0.006240, flex_pos=0.001468, flex_neg=0.024358
2026-07-09 15:15:28,258 - Exp8 - INFO -   Step 50/100: total=0.013292, phys=0.004411, flex_pos=0.005903, flex_neg=0.002978
2026-07-09 15:15:41,138 - Exp8 - INFO -   Step 99/100: total=0.009774, phys=0.002526, flex_pos=0.006741, flex_neg=0.000507
2026-07-09 15:15:43,475 - Exp8 - INFO -   Step 0/100: total=0.037906, phys=0.005504, flex_pos=0.001558, flex_neg=0.030843
2026-07-09 15:15:56,406 - Exp8 - INFO -   Step 50/100: total=0.017734, phys=0.004639, flex_pos=0.011735, flex_neg=0.001360
2026-07-09 15:16:08,753 - Exp8 - INFO -   Step 99/100: total=0.014715, phys=0.002630, flex_pos=0.010659, flex_neg=0.001426
2026-07-09 15:16:11,283 - Exp8 - INFO -   Step 0/100: total=0.032036, phys=0.005594, flex_pos=0.002362, flex_neg=0.024079
2026-07-09 15:16:25,608 - Exp8 - INFO -   Step 50/100: total=0.016605, phys=0.003725, flex_pos=0.009905, flex_neg=0.002975
2026-07-09 15:16:38,065 - Exp8 - INFO -   Step 99/100: total=0.012803, phys=0.002112, flex_pos=0.009170, flex_neg=0.001522
2026-07-09 15:16:40,666 - Exp8 - INFO -   Step 0/100: total=0.035814, phys=0.006003, flex_pos=0.001918, flex_neg=0.027893
2026-07-09 15:16:53,175 - Exp8 - INFO -   Step 50/100: total=0.018003, phys=0.004638, flex_pos=0.010204, flex_neg=0.003161
2026-07-09 15:17:05,878 - Exp8 - INFO -   Step 99/100: total=0.013175, phys=0.002586, flex_pos=0.009685, flex_neg=0.000904
2026-07-09 15:17:08,230 - Exp8 - INFO -   Step 0/100: total=0.037583, phys=0.006316, flex_pos=0.005614, flex_neg=0.025653
2026-07-09 15:17:21,354 - Exp8 - INFO -   Step 50/100: total=0.026632, phys=0.004409, flex_pos=0.017492, flex_neg=0.004731
2026-07-09 15:17:34,673 - Exp8 - INFO -   Step 99/100: total=0.027106, phys=0.002454, flex_pos=0.018700, flex_neg=0.005952
2026-07-09 15:17:36,785 - Exp8 - INFO -   Step 0/100: total=0.035413, phys=0.006231, flex_pos=0.005794, flex_neg=0.023388
2026-07-09 15:17:49,700 - Exp8 - INFO -   Step 50/100: total=0.028398, phys=0.004092, flex_pos=0.018314, flex_neg=0.005992
2026-07-09 15:18:02,052 - Exp8 - INFO -   Step 99/100: total=0.023769, phys=0.002359, flex_pos=0.014449, flex_neg=0.006960
2026-07-09 15:18:03,912 - Exp8 - INFO -   Step 0/100: total=0.038397, phys=0.006000, flex_pos=0.003956, flex_neg=0.028441
2026-07-09 15:18:16,526 - Exp8 - INFO -   Step 50/100: total=0.023072, phys=0.003889, flex_pos=0.014245, flex_neg=0.004938
2026-07-09 15:18:29,062 - Exp8 - INFO -   Step 99/100: total=0.025278, phys=0.002290, flex_pos=0.017360, flex_neg=0.005628
2026-07-09 15:18:30,969 - Exp8 - INFO -   Step 0/100: total=0.054467, phys=0.033931, flex_pos=0.000412, flex_neg=0.020124
2026-07-09 15:18:43,658 - Exp8 - INFO -   Step 50/100: total=0.012058, phys=0.010361, flex_pos=0.001570, flex_neg=0.000127
2026-07-09 15:18:56,163 - Exp8 - INFO -   Step 99/100: total=0.006391, phys=0.004639, flex_pos=0.001752, flex_neg=0.000000
2026-07-09 15:18:57,559 - Exp8 - INFO -   Step 0/100: total=0.055032, phys=0.029177, flex_pos=0.000217, flex_neg=0.025638
2026-07-09 15:19:10,518 - Exp8 - INFO -   Step 50/100: total=0.012688, phys=0.011261, flex_pos=0.001356, flex_neg=0.000071
2026-07-09 15:19:23,262 - Exp8 - INFO -   Step 99/100: total=0.006606, phys=0.004905, flex_pos=0.001611, flex_neg=0.000091
2026-07-09 15:19:25,520 - Exp8 - INFO -   Step 0/100: total=0.057057, phys=0.026913, flex_pos=0.000174, flex_neg=0.029971
2026-07-09 15:19:38,482 - Exp8 - INFO -   Step 50/100: total=0.012558, phys=0.010126, flex_pos=0.001397, flex_neg=0.001035
2026-07-09 15:19:51,182 - Exp8 - INFO -   Step 99/100: total=0.006367, phys=0.004203, flex_pos=0.001480, flex_neg=0.000683
2026-07-09 15:19:53,643 - Exp8 - INFO -   Step 0/100: total=0.054839, phys=0.031815, flex_pos=0.001773, flex_neg=0.021251
2026-07-09 15:20:06,338 - Exp8 - INFO -   Step 50/100: total=0.019166, phys=0.011474, flex_pos=0.006819, flex_neg=0.000873
2026-07-09 15:20:18,602 - Exp8 - INFO -   Step 99/100: total=0.011443, phys=0.004797, flex_pos=0.006056, flex_neg=0.000590
2026-07-09 15:20:20,479 - Exp8 - INFO -   Step 0/100: total=0.053816, phys=0.025625, flex_pos=0.001223, flex_neg=0.026969
2026-07-09 15:20:33,216 - Exp8 - INFO -   Step 50/100: total=0.017503, phys=0.010806, flex_pos=0.005154, flex_neg=0.001543
2026-07-09 15:20:45,891 - Exp8 - INFO -   Step 99/100: total=0.011139, phys=0.004540, flex_pos=0.005809, flex_neg=0.000790
2026-07-09 15:20:47,894 - Exp8 - INFO -   Step 0/100: total=0.054262, phys=0.026512, flex_pos=0.001205, flex_neg=0.026545
2026-07-09 15:21:01,529 - Exp8 - INFO -   Step 50/100: total=0.017400, phys=0.009705, flex_pos=0.004945, flex_neg=0.002750
2026-07-09 15:21:14,822 - Exp8 - INFO -   Step 99/100: total=0.011230, phys=0.004185, flex_pos=0.005865, flex_neg=0.001179
2026-07-09 15:21:17,437 - Exp8 - INFO -   Step 0/100: total=0.059790, phys=0.035363, flex_pos=0.002739, flex_neg=0.021688
2026-07-09 15:21:30,388 - Exp8 - INFO -   Step 50/100: total=0.023555, phys=0.011135, flex_pos=0.010194, flex_neg=0.002226
2026-07-09 15:21:41,857 - Exp8 - INFO -   Step 99/100: total=0.019134, phys=0.004892, flex_pos=0.009686, flex_neg=0.004557
2026-07-09 15:21:44,446 - Exp8 - INFO -   Step 0/100: total=0.059558, phys=0.029970, flex_pos=0.002126, flex_neg=0.027462
2026-07-09 15:21:57,523 - Exp8 - INFO -   Step 50/100: total=0.025184, phys=0.010409, flex_pos=0.008668, flex_neg=0.006106
2026-07-09 15:22:10,630 - Exp8 - INFO -   Step 99/100: total=0.017630, phys=0.004742, flex_pos=0.010681, flex_neg=0.002207
2026-07-09 15:22:12,881 - Exp8 - INFO -   Step 0/100: total=0.059734, phys=0.025002, flex_pos=0.001052, flex_neg=0.033680
2026-07-09 15:22:26,105 - Exp8 - INFO -   Step 50/100: total=0.025142, phys=0.011082, flex_pos=0.008619, flex_neg=0.005441
2026-07-09 15:22:38,960 - Exp8 - INFO -   Step 99/100: total=0.017266, phys=0.004573, flex_pos=0.009045, flex_neg=0.003647
2026-07-09 15:22:40,463 - Exp8 - INFO -   Step 0/100: total=0.060794, phys=0.031690, flex_pos=0.007853, flex_neg=0.021252
2026-07-09 15:22:52,921 - Exp8 - INFO -   Step 50/100: total=0.034702, phys=0.009394, flex_pos=0.015287, flex_neg=0.010022
2026-07-09 15:23:05,856 - Exp8 - INFO -   Step 99/100: total=0.029324, phys=0.004909, flex_pos=0.017085, flex_neg=0.007331
2026-07-09 15:23:07,365 - Exp8 - INFO -   Step 0/100: total=0.061837, phys=0.031226, flex_pos=0.004796, flex_neg=0.025815
2026-07-09 15:23:18,875 - Exp8 - INFO -   Step 50/100: total=0.033270, phys=0.010109, flex_pos=0.015051, flex_neg=0.008109
2026-07-09 15:23:31,678 - Exp8 - INFO -   Step 99/100: total=0.023549, phys=0.004621, flex_pos=0.014758, flex_neg=0.004170
2026-07-09 15:23:34,019 - Exp8 - INFO -   Step 0/100: total=0.054598, phys=0.024114, flex_pos=0.004683, flex_neg=0.025802
2026-07-09 15:23:46,883 - Exp8 - INFO -   Step 50/100: total=0.031704, phys=0.008351, flex_pos=0.015739, flex_neg=0.007614
2026-07-09 15:23:59,934 - Exp8 - INFO -   Step 99/100: total=0.029837, phys=0.003691, flex_pos=0.016146, flex_neg=0.010000
2026-07-09 15:24:01,389 - Exp8 - INFO -   Step 0/100: total=0.086645, phys=0.061119, flex_pos=0.000228, flex_neg=0.025298
2026-07-09 15:24:14,808 - Exp8 - INFO -   Step 50/100: total=0.023570, phys=0.020601, flex_pos=0.000876, flex_neg=0.002093
2026-07-09 15:24:28,122 - Exp8 - INFO -   Step 99/100: total=0.009109, phys=0.006934, flex_pos=0.001581, flex_neg=0.000594
2026-07-09 15:24:30,842 - Exp8 - INFO -   Step 0/100: total=0.089893, phys=0.059577, flex_pos=0.000141, flex_neg=0.030176
2026-07-09 15:24:44,091 - Exp8 - INFO -   Step 50/100: total=0.035242, phys=0.015390, flex_pos=0.000392, flex_neg=0.019459
2026-07-09 15:24:56,613 - Exp8 - INFO -   Step 99/100: total=0.008519, phys=0.005971, flex_pos=0.002422, flex_neg=0.000126
2026-07-09 15:24:59,207 - Exp8 - INFO -   Step 0/100: total=0.079507, phys=0.050894, flex_pos=0.000200, flex_neg=0.028413
2026-07-09 15:25:11,579 - Exp8 - INFO -   Step 50/100: total=0.020970, phys=0.018444, flex_pos=0.001552, flex_neg=0.000974
2026-07-09 15:25:24,972 - Exp8 - INFO -   Step 99/100: total=0.007844, phys=0.005662, flex_pos=0.001972, flex_neg=0.000210
2026-07-09 15:25:27,690 - Exp8 - INFO -   Step 0/100: total=0.091051, phys=0.068747, flex_pos=0.001496, flex_neg=0.020809
2026-07-09 15:25:41,334 - Exp8 - INFO -   Step 50/100: total=0.039172, phys=0.015794, flex_pos=0.001628, flex_neg=0.021751
2026-07-09 15:25:54,899 - Exp8 - INFO -   Step 99/100: total=0.015644, phys=0.007229, flex_pos=0.006991, flex_neg=0.001424
2026-07-09 15:25:57,222 - Exp8 - INFO -   Step 0/100: total=0.080937, phys=0.054003, flex_pos=0.001250, flex_neg=0.025684
2026-07-09 15:26:10,862 - Exp8 - INFO -   Step 50/100: total=0.026610, phys=0.017873, flex_pos=0.007549, flex_neg=0.001187
2026-07-09 15:26:23,541 - Exp8 - INFO -   Step 99/100: total=0.014143, phys=0.006106, flex_pos=0.005791, flex_neg=0.002246
2026-07-09 15:26:26,106 - Exp8 - INFO -   Step 0/100: total=0.080705, phys=0.052835, flex_pos=0.001322, flex_neg=0.026548
2026-07-09 15:26:39,295 - Exp8 - INFO -   Step 50/100: total=0.028395, phys=0.019172, flex_pos=0.006068, flex_neg=0.003154
2026-07-09 15:26:51,886 - Exp8 - INFO -   Step 99/100: total=0.014701, phys=0.005835, flex_pos=0.007100, flex_neg=0.001767
2026-07-09 15:26:53,250 - Exp8 - INFO -   Step 0/100: total=0.088217, phys=0.058322, flex_pos=0.001936, flex_neg=0.027959
2026-07-09 15:27:06,018 - Exp8 - INFO -   Step 50/100: total=0.041931, phys=0.013316, flex_pos=0.001825, flex_neg=0.026789
2026-07-09 15:27:18,940 - Exp8 - INFO -   Step 99/100: total=0.021382, phys=0.007052, flex_pos=0.011856, flex_neg=0.002474
2026-07-09 15:27:20,638 - Exp8 - INFO -   Step 0/100: total=0.097397, phys=0.066894, flex_pos=0.002201, flex_neg=0.028301
2026-07-09 15:27:33,586 - Exp8 - INFO -   Step 50/100: total=0.043390, phys=0.013090, flex_pos=0.001378, flex_neg=0.028922
2026-07-09 15:27:46,330 - Exp8 - INFO -   Step 99/100: total=0.021273, phys=0.007161, flex_pos=0.009040, flex_neg=0.005072
2026-07-09 15:27:48,617 - Exp8 - INFO -   Step 0/100: total=0.095917, phys=0.074944, flex_pos=0.004796, flex_neg=0.016177
2026-07-09 15:28:00,753 - Exp8 - INFO -   Step 50/100: total=0.036220, phys=0.016723, flex_pos=0.004055, flex_neg=0.015441
2026-07-09 15:28:13,119 - Exp8 - INFO -   Step 99/100: total=0.021058, phys=0.007890, flex_pos=0.009540, flex_neg=0.003628
2026-07-09 15:28:15,289 - Exp8 - INFO -   Step 0/100: total=0.094509, phys=0.065287, flex_pos=0.004470, flex_neg=0.024752
2026-07-09 15:28:28,009 - Exp8 - INFO -   Step 50/100: total=0.044516, phys=0.011588, flex_pos=0.003676, flex_neg=0.029252
2026-07-09 15:28:40,627 - Exp8 - INFO -   Step 99/100: total=0.025938, phys=0.006142, flex_pos=0.013856, flex_neg=0.005940
2026-07-09 15:28:43,203 - Exp8 - INFO -   Step 0/100: total=0.092286, phys=0.059644, flex_pos=0.003688, flex_neg=0.028954
2026-07-09 15:28:56,031 - Exp8 - INFO -   Step 50/100: total=0.048217, phys=0.011583, flex_pos=0.002397, flex_neg=0.034237
2026-07-09 15:29:09,094 - Exp8 - INFO -   Step 99/100: total=0.027255, phys=0.006305, flex_pos=0.011728, flex_neg=0.009222
2026-07-09 15:29:11,244 - Exp8 - INFO -   Step 0/100: total=0.094537, phys=0.070814, flex_pos=0.011808, flex_neg=0.011915
2026-07-09 15:29:23,550 - Exp8 - INFO -   Step 50/100: total=0.041046, phys=0.014312, flex_pos=0.006339, flex_neg=0.020394
2026-07-09 15:29:35,724 - Exp8 - INFO -   Step 99/100: total=0.033242, phys=0.007604, flex_pos=0.013754, flex_neg=0.011885
2026-07-09 15:29:37,949 - Exp8 - INFO -   Step 0/100: total=0.116722, phys=0.091796, flex_pos=0.000235, flex_neg=0.024690
2026-07-09 15:29:50,246 - Exp8 - INFO -   Step 50/100: total=0.051384, phys=0.015847, flex_pos=0.000075, flex_neg=0.035462
2026-07-09 15:30:02,306 - Exp8 - INFO -   Step 99/100: total=0.012566, phys=0.010255, flex_pos=0.001863, flex_neg=0.000448
2026-07-09 15:30:03,570 - Exp8 - INFO -   Step 0/100: total=0.130488, phys=0.104415, flex_pos=0.000217, flex_neg=0.025856
2026-07-09 15:30:15,438 - Exp8 - INFO -   Step 50/100: total=0.054370, phys=0.017805, flex_pos=0.000067, flex_neg=0.036498
2026-07-09 15:30:28,869 - Exp8 - INFO -   Step 99/100: total=0.014325, phys=0.012220, flex_pos=0.002105, flex_neg=0.000000
2026-07-09 15:30:30,858 - Exp8 - INFO -   Step 0/100: total=0.142401, phys=0.111784, flex_pos=0.000145, flex_neg=0.030472
2026-07-09 15:30:44,510 - Exp8 - INFO -   Step 50/100: total=0.058258, phys=0.016120, flex_pos=0.000024, flex_neg=0.042114
2026-07-09 15:30:57,666 - Exp8 - INFO -   Step 99/100: total=0.023176, phys=0.012914, flex_pos=0.000817, flex_neg=0.009445
2026-07-09 15:30:59,504 - Exp8 - INFO -   Step 0/100: total=0.136629, phys=0.109145, flex_pos=0.001302, flex_neg=0.026182
2026-07-09 15:31:13,517 - Exp8 - INFO -   Step 50/100: total=0.056111, phys=0.017528, flex_pos=0.000296, flex_neg=0.038287
2026-07-09 15:31:26,992 - Exp8 - INFO -   Step 99/100: total=0.022051, phys=0.013086, flex_pos=0.008809, flex_neg=0.000156
2026-07-09 15:31:29,289 - Exp8 - INFO -   Step 0/100: total=0.172644, phys=0.145141, flex_pos=0.001367, flex_neg=0.026136
2026-07-09 15:31:42,295 - Exp8 - INFO -   Step 50/100: total=0.059894, phys=0.019331, flex_pos=0.000137, flex_neg=0.040426
2026-07-09 15:31:55,620 - Exp8 - INFO -   Step 99/100: total=0.037733, phys=0.012585, flex_pos=0.001715, flex_neg=0.023433
2026-07-09 15:31:57,930 - Exp8 - INFO -   Step 0/100: total=0.120023, phys=0.096512, flex_pos=0.001395, flex_neg=0.022116
2026-07-09 15:32:10,229 - Exp8 - INFO -   Step 50/100: total=0.051622, phys=0.016715, flex_pos=0.000498, flex_neg=0.034409
2026-07-09 15:32:22,662 - Exp8 - INFO -   Step 99/100: total=0.018465, phys=0.009130, flex_pos=0.006632, flex_neg=0.002703
2026-07-09 15:32:24,592 - Exp8 - INFO -   Step 0/100: total=0.143381, phys=0.113642, flex_pos=0.002065, flex_neg=0.027674
2026-07-09 15:32:38,264 - Exp8 - INFO -   Step 50/100: total=0.057788, phys=0.018625, flex_pos=0.000508, flex_neg=0.038655
2026-07-09 15:32:51,950 - Exp8 - INFO -   Step 99/100: total=0.031619, phys=0.012512, flex_pos=0.016932, flex_neg=0.002175
2026-07-09 15:32:54,479 - Exp8 - INFO -   Step 0/100: total=0.172303, phys=0.141480, flex_pos=0.001638, flex_neg=0.029185
2026-07-09 15:33:07,522 - Exp8 - INFO -   Step 50/100: total=0.063453, phys=0.019386, flex_pos=0.000155, flex_neg=0.043912
2026-07-09 15:33:19,927 - Exp8 - INFO -   Step 99/100: total=0.047333, phys=0.011956, flex_pos=0.000820, flex_neg=0.034557
2026-07-09 15:33:21,436 - Exp8 - INFO -   Step 0/100: total=0.128522, phys=0.103936, flex_pos=0.003651, flex_neg=0.020935
2026-07-09 15:33:35,189 - Exp8 - INFO -   Step 50/100: total=0.051319, phys=0.016951, flex_pos=0.001214, flex_neg=0.033154
2026-07-09 15:33:48,662 - Exp8 - INFO -   Step 99/100: total=0.024877, phys=0.009707, flex_pos=0.008815, flex_neg=0.006355
2026-07-09 15:33:51,202 - Exp8 - INFO -   Step 0/100: total=0.134864, phys=0.102481, flex_pos=0.003758, flex_neg=0.028625
2026-07-09 15:34:03,922 - Exp8 - INFO -   Step 50/100: total=0.056961, phys=0.016071, flex_pos=0.000729, flex_neg=0.040160
2026-07-09 15:34:17,520 - Exp8 - INFO -   Step 99/100: total=0.034228, phys=0.010915, flex_pos=0.012729, flex_neg=0.010584
2026-07-09 15:34:19,879 - Exp8 - INFO -   Step 0/100: total=0.123569, phys=0.095463, flex_pos=0.004705, flex_neg=0.023401
2026-07-09 15:34:33,716 - Exp8 - INFO -   Step 50/100: total=0.053530, phys=0.014620, flex_pos=0.001241, flex_neg=0.037669
2026-07-09 15:34:44,142 - Exp8 - INFO -   Step 99/100: total=0.033043, phys=0.009586, flex_pos=0.014242, flex_neg=0.009214
2026-07-09 15:34:45,305 - Exp8 - INFO -   Step 0/100: total=0.133560, phys=0.103616, flex_pos=0.005251, flex_neg=0.024694
2026-07-09 15:34:54,270 - Exp8 - INFO -   Step 50/100: total=0.056870, phys=0.015745, flex_pos=0.001026, flex_neg=0.040099
2026-07-09 15:35:05,992 - Exp8 - INFO -   Step 99/100: total=0.037000, phys=0.010715, flex_pos=0.015022, flex_neg=0.011263
2026-07-09 15:35:08,554 - Exp8 - INFO -   Step 0/100: total=0.285025, phys=0.255349, flex_pos=0.000154, flex_neg=0.029523
2026-07-09 15:35:21,635 - Exp8 - INFO -   Step 50/100: total=0.082575, phys=0.039365, flex_pos=0.000014, flex_neg=0.043196
2026-07-09 15:35:34,594 - Exp8 - INFO -   Step 99/100: total=0.056785, phys=0.020234, flex_pos=0.000074, flex_neg=0.036477
2026-07-09 15:35:36,494 - Exp8 - INFO -   Step 0/100: total=0.316281, phys=0.292717, flex_pos=0.000268, flex_neg=0.023295
2026-07-09 15:35:49,987 - Exp8 - INFO -   Step 50/100: total=0.085190, phys=0.042045, flex_pos=0.000018, flex_neg=0.043127
2026-07-09 15:36:01,993 - Exp8 - INFO -   Step 99/100: total=0.059972, phys=0.023488, flex_pos=0.000074, flex_neg=0.036410
2026-07-09 15:36:03,448 - Exp8 - INFO -   Step 0/100: total=0.296039, phys=0.266427, flex_pos=0.000189, flex_neg=0.029422
2026-07-09 15:36:16,165 - Exp8 - INFO -   Step 50/100: total=0.079224, phys=0.036297, flex_pos=0.000028, flex_neg=0.042898
2026-07-09 15:36:28,389 - Exp8 - INFO -   Step 99/100: total=0.052793, phys=0.020246, flex_pos=0.000109, flex_neg=0.032439
2026-07-09 15:36:30,815 - Exp8 - INFO -   Step 0/100: total=0.330957, phys=0.303625, flex_pos=0.001086, flex_neg=0.026246
2026-07-09 15:36:42,965 - Exp8 - INFO -   Step 50/100: total=0.083366, phys=0.040684, flex_pos=0.000094, flex_neg=0.042588
2026-07-09 15:36:54,964 - Exp8 - INFO -   Step 99/100: total=0.059471, phys=0.021379, flex_pos=0.000350, flex_neg=0.037742
2026-07-09 15:36:57,434 - Exp8 - INFO -   Step 0/100: total=0.315176, phys=0.286834, flex_pos=0.000990, flex_neg=0.027352
2026-07-09 15:37:10,387 - Exp8 - INFO -   Step 50/100: total=0.082193, phys=0.037787, flex_pos=0.000080, flex_neg=0.044326
2026-07-09 15:37:23,135 - Exp8 - INFO -   Step 99/100: total=0.062165, phys=0.021270, flex_pos=0.000232, flex_neg=0.040663
2026-07-09 15:37:25,077 - Exp8 - INFO -   Step 0/100: total=0.253768, phys=0.222459, flex_pos=0.000792, flex_neg=0.030517
2026-07-09 15:37:38,323 - Exp8 - INFO -   Step 50/100: total=0.073982, phys=0.031707, flex_pos=0.000119, flex_neg=0.042155
2026-07-09 15:37:51,021 - Exp8 - INFO -   Step 99/100: total=0.049550, phys=0.017564, flex_pos=0.000673, flex_neg=0.031313
2026-07-09 15:37:53,505 - Exp8 - INFO -   Step 0/100: total=0.330652, phys=0.305000, flex_pos=0.002849, flex_neg=0.022803
2026-07-09 15:38:05,811 - Exp8 - INFO -   Step 50/100: total=0.085186, phys=0.042223, flex_pos=0.000352, flex_neg=0.042610
2026-07-09 15:38:14,641 - Exp8 - INFO -   Step 99/100: total=0.061487, phys=0.023465, flex_pos=0.000668, flex_neg=0.037354
2026-07-09 15:38:15,850 - Exp8 - INFO -   Step 0/100: total=0.300772, phys=0.273434, flex_pos=0.002374, flex_neg=0.024964
2026-07-09 15:38:25,321 - Exp8 - INFO -   Step 50/100: total=0.080006, phys=0.037959, flex_pos=0.000258, flex_neg=0.041789
2026-07-09 15:38:36,828 - Exp8 - INFO -   Step 99/100: total=0.056215, phys=0.019740, flex_pos=0.000851, flex_neg=0.035624
2026-07-09 15:38:39,249 - Exp8 - INFO -   Step 0/100: total=0.305727, phys=0.276735, flex_pos=0.002204, flex_neg=0.026788
2026-07-09 15:38:52,718 - Exp8 - INFO -   Step 50/100: total=0.083475, phys=0.040555, flex_pos=0.000260, flex_neg=0.042659
2026-07-09 15:39:05,567 - Exp8 - INFO -   Step 99/100: total=0.059738, phys=0.022532, flex_pos=0.000818, flex_neg=0.036387
2026-07-09 15:39:08,144 - Exp8 - INFO -   Step 0/100: total=0.347619, phys=0.321156, flex_pos=0.007523, flex_neg=0.018939
2026-07-09 15:39:20,289 - Exp8 - INFO -   Step 50/100: total=0.082939, phys=0.041470, flex_pos=0.000605, flex_neg=0.040864
2026-07-09 15:39:33,916 - Exp8 - INFO -   Step 99/100: total=0.060080, phys=0.022102, flex_pos=0.001785, flex_neg=0.036193
2026-07-09 15:39:35,845 - Exp8 - INFO -   Step 0/100: total=0.314468, phys=0.284376, flex_pos=0.005125, flex_neg=0.024968
2026-07-09 15:39:49,566 - Exp8 - INFO -   Step 50/100: total=0.082063, phys=0.038981, flex_pos=0.000480, flex_neg=0.042603
2026-07-09 15:40:02,404 - Exp8 - INFO -   Step 99/100: total=0.058401, phys=0.020078, flex_pos=0.001507, flex_neg=0.036817
2026-07-09 15:40:04,875 - Exp8 - INFO -   Step 0/100: total=0.317126, phys=0.285031, flex_pos=0.004330, flex_neg=0.027766
2026-07-09 15:40:17,260 - Exp8 - INFO -   Step 50/100: total=0.083413, phys=0.039602, flex_pos=0.000347, flex_neg=0.043464
2026-07-09 15:40:29,828 - Exp8 - INFO -   Step 99/100: total=0.063556, phys=0.022695, flex_pos=0.001088, flex_neg=0.039772
2026-07-09 15:40:32,019 - Exp8 - INFO -  样本量消融: N+ = [10, 50, 100, 全量]...
2026-07-09 15:40:32,039 - Exp8 - INFO - F_flex* = 0.002687, σ = 0.000038, m_param = 0.002764, m_perc = 0.002734, Shapiro-Wilk p = 0.25322123951185915
2026-07-09 15:40:32,125 - Exp8 - INFO - F_flex* = 0.002156, σ = 0.000043, m_param = 0.002241, m_perc = 0.002208, Shapiro-Wilk p = 0.010707205343795446
2026-07-09 15:40:32,259 - Exp8 - INFO - F_flex* = 0.002732, σ = 0.000070, m_param = 0.002873, m_perc = 0.002851, Shapiro-Wilk p = 0.018256770808369144
2026-07-09 15:40:32,623 - Exp8 - INFO - F_flex* = 0.002982, σ = 0.000064, m_param = 0.003111, m_perc = 0.003088, Shapiro-Wilk p = 0.5844589697277904
2026-07-09 15:40:32,625 - Exp8 - INFO - 报告已保存: C:\Users\51615\Desktop\2026.7.9.8.43对称、破缺与约束场\exp8_report.md
2026-07-09 15:40:32,625 - Exp8 - INFO - JSON已保存: C:\Users\51615\Desktop\2026.7.9.8.43对称、破缺与约束场\exp8_report.json
2026-07-09 15:40:32,625 - Exp8 - INFO - exp8 完成.
