2026-07-09 16:30:38,647 - exp9 - INFO - ============================================================
2026-07-09 16:30:38,648 - exp9 - INFO - exp9: GUIT-TRT 融合理论三假设检验
2026-07-09 16:30:38,648 - exp9 - INFO - 设备: cuda, 时间: 16:30:38
2026-07-09 16:30:38,648 - exp9 - INFO - ============================================================
2026-07-09 16:30:38,651 - exp9 - INFO - 配置: d_model=128, base_dim=32, hidden_dim=32, r=16
2026-07-09 16:30:38,775 - exp9 - INFO - 模型初始化完成
2026-07-09 16:30:38,775 - exp9 - INFO - 生成叙事数据...
2026-07-09 16:30:50,234 - exp9 - INFO - ============================================================
2026-07-09 16:30:50,234 - exp9 - INFO - exp9: GUIT-TRT 融合理论三假设检验
2026-07-09 16:30:50,234 - exp9 - INFO - 设备: cuda, 时间: 16:30:50
2026-07-09 16:30:50,234 - exp9 - INFO - ============================================================
2026-07-09 16:30:50,238 - exp9 - INFO - 配置: d_model=128, base_dim=32, hidden_dim=32, r=16
2026-07-09 16:30:50,346 - exp9 - INFO - 模型初始化完成
2026-07-09 16:30:50,346 - exp9 - INFO - 生成叙事数据...
2026-07-09 16:30:56,985 - exp9 - INFO - ============================================================
2026-07-09 16:30:56,985 - exp9 - INFO - exp9: GUIT-TRT 融合理论三假设检验
2026-07-09 16:30:56,985 - exp9 - INFO - 设备: cuda, 时间: 16:30:56
2026-07-09 16:30:56,985 - exp9 - INFO - ============================================================
2026-07-09 16:30:56,988 - exp9 - INFO - 配置: d_model=128, base_dim=32, hidden_dim=32, r=16
2026-07-09 16:30:57,118 - exp9 - INFO - 模型初始化完成
2026-07-09 16:30:57,118 - exp9 - INFO - 生成叙事数据...
2026-07-09 16:31:11,586 - exp9 - INFO - ============================================================
2026-07-09 16:31:11,586 - exp9 - INFO - exp9: GUIT-TRT 融合理论三假设检验
2026-07-09 16:31:11,586 - exp9 - INFO - 设备: cuda, 时间: 16:31:11
2026-07-09 16:31:11,586 - exp9 - INFO - ============================================================
2026-07-09 16:31:11,590 - exp9 - INFO - 配置: d_model=128, base_dim=32, hidden_dim=32, r=16
2026-07-09 16:31:11,738 - exp9 - INFO - 模型初始化完成
2026-07-09 16:31:11,738 - exp9 - INFO - 生成叙事数据...
2026-07-09 16:31:55,292 - exp9 - INFO - ============================================================
2026-07-09 16:31:55,293 - exp9 - INFO - exp9: GUIT-TRT 融合理论三假设检验
2026-07-09 16:31:55,293 - exp9 - INFO - 设备: cuda, 时间: 16:31:55
2026-07-09 16:31:55,293 - exp9 - INFO - ============================================================
2026-07-09 16:31:55,296 - exp9 - INFO - 配置: d_model=128, base_dim=32, hidden_dim=32, r=16
2026-07-09 16:31:55,417 - exp9 - INFO - 模型初始化完成
2026-07-09 16:31:55,417 - exp9 - INFO - 生成叙事数据...
2026-07-09 16:31:55,519 - exp9 - INFO - 数据: flex_pos=200, flex_neg=200, total=400
2026-07-09 16:31:55,519 - exp9 - INFO - 
========================================
2026-07-09 16:31:55,519 - exp9 - INFO - Part A: H-helix — 语义螺旋升角稳定性
2026-07-09 16:31:55,519 - exp9 - INFO - ========================================
2026-07-09 16:31:55,519 - exp9 - INFO - [H-helix] 检验 all_stories, 400 故事
2026-07-09 16:32:10,726 - exp9 - INFO - [H-helix] 结论: REFUTED | R²=0.006 < 0.3, CV=0.244 — 螺旋升角不稳定
2026-07-09 16:32:10,726 - exp9 - INFO - [H-helix] 检验 flex_pos, 200 故事
2026-07-09 16:32:17,926 - exp9 - INFO - [H-helix] 结论: REFUTED | R²=0.006 < 0.3, CV=0.244 — 螺旋升角不稳定
2026-07-09 16:32:17,926 - exp9 - INFO - [H-helix] 检验 flex_neg, 200 故事
2026-07-09 16:32:25,083 - exp9 - INFO - [H-helix] 结论: REFUTED | R²=0.006 < 0.3, CV=0.244 — 螺旋升角不稳定
2026-07-09 16:32:25,084 - exp9 - INFO - 
========================================
2026-07-09 16:32:25,084 - exp9 - INFO - Part B: H-phase — 语义拓扑相变
2026-07-09 16:32:25,084 - exp9 - INFO - ========================================
2026-07-09 16:32:25,084 - exp9 - INFO - [H-phase] 检验长度序列: [40, 80, 120, 160, 240, 320]
2026-07-09 16:32:25,085 - exp9 - INFO -   L=40: chern_mean=0.000000, chern_std=0.000000, n=0
2026-07-09 16:32:29,460 - exp9 - INFO -   L=80: chern_mean=1.145257, chern_std=0.000000, n=100
2026-07-09 16:32:29,461 - exp9 - INFO -   L=120: chern_mean=0.000000, chern_std=0.000000, n=0
2026-07-09 16:32:29,461 - exp9 - INFO -   L=160: chern_mean=0.000000, chern_std=0.000000, n=0
2026-07-09 16:32:29,461 - exp9 - INFO -   L=240: chern_mean=0.000000, chern_std=0.000000, n=0
2026-07-09 16:32:29,461 - exp9 - INFO -   L=320: chern_mean=0.000000, chern_std=0.000000, n=0
2026-07-09 16:32:29,461 - exp9 - INFO - [H-phase] 结论: UNCERTAIN | 陈数随长度平滑变化，无显著跳变 (max_diff=1.1453)
2026-07-09 16:32:29,464 - exp9 - INFO - 
========================================
2026-07-09 16:32:29,464 - exp9 - INFO - Part C: H-topo-inhibit — 拓扑抗塌缩
2026-07-09 16:32:29,464 - exp9 - INFO - ========================================
2026-07-09 16:32:29,464 - exp9 - INFO - [H-topo-inhibit] 训练 100 步, λ_topo=0.1
2026-07-09 16:33:08,110 - exp9 - INFO - [H-topo-inhibit] 结论: SUPPORT | Treatment τ 高于 baseline 39.91x, diversity 提升 22.58x
2026-07-09 16:33:08,111 - exp9 - INFO - 
============================================================
2026-07-09 16:33:08,111 - exp9 - INFO - exp9 汇总判决
2026-07-09 16:33:08,111 - exp9 - INFO - ============================================================
2026-07-09 16:33:08,111 - exp9 - INFO - 通过: H-helix=False, H-phase=False, H-topo-inhibit=True
2026-07-09 16:33:08,111 - exp9 - INFO - 综合判决: S_WEAK
2026-07-09 16:33:08,111 - exp9 - INFO -   仅 1/3 假设通过 — 基本几何洞察成立，动力学需重新设计
2026-07-09 16:33:33,888 - exp9 - INFO - ============================================================
2026-07-09 16:33:33,889 - exp9 - INFO - exp9: GUIT-TRT 融合理论三假设检验
2026-07-09 16:33:33,889 - exp9 - INFO - 设备: cuda, 时间: 16:33:33
2026-07-09 16:33:33,889 - exp9 - INFO - ============================================================
2026-07-09 16:33:33,893 - exp9 - INFO - 配置: d_model=128, base_dim=32, hidden_dim=32, r=16
2026-07-09 16:33:34,004 - exp9 - INFO - 模型初始化完成
2026-07-09 16:33:34,005 - exp9 - INFO - 生成叙事数据...
2026-07-09 16:33:34,108 - exp9 - INFO - 数据: flex_pos=200, flex_neg=200, total=400
2026-07-09 16:33:34,109 - exp9 - INFO - 
========================================
2026-07-09 16:33:34,109 - exp9 - INFO - Part A: H-helix — 语义螺旋升角稳定性
2026-07-09 16:33:34,109 - exp9 - INFO - ========================================
2026-07-09 16:33:34,109 - exp9 - INFO - [H-helix] 检验 all_stories, 400 故事
2026-07-09 16:33:50,275 - exp9 - INFO - [H-helix] 结论: REFUTED | R²=0.057 < 0.3, CV=0.330 — 螺旋升角不稳定
2026-07-09 16:33:50,275 - exp9 - INFO - [H-helix] 检验 flex_pos, 200 故事
2026-07-09 16:33:58,879 - exp9 - INFO - [H-helix] 结论: REFUTED | R²=0.057 < 0.3, CV=0.330 — 螺旋升角不稳定
2026-07-09 16:33:58,879 - exp9 - INFO - [H-helix] 检验 flex_neg, 200 故事
2026-07-09 16:34:07,343 - exp9 - INFO - [H-helix] 结论: REFUTED | R²=0.057 < 0.3, CV=0.330 — 螺旋升角不稳定
2026-07-09 16:34:07,343 - exp9 - INFO - 
========================================
2026-07-09 16:34:07,343 - exp9 - INFO - Part B: H-phase — 语义拓扑相变
2026-07-09 16:34:07,343 - exp9 - INFO - ========================================
2026-07-09 16:34:07,343 - exp9 - INFO - [H-phase] 检验长度序列: [40, 80, 120, 160, 240, 320]
2026-07-09 16:34:07,344 - exp9 - INFO -   L=40: chern_mean=0.000000, chern_std=0.000000, n=0
2026-07-09 16:34:12,467 - exp9 - INFO -   L=80: chern_mean=1.500809, chern_std=0.000000, n=100
2026-07-09 16:34:12,467 - exp9 - INFO -   L=120: chern_mean=0.000000, chern_std=0.000000, n=0
2026-07-09 16:34:12,467 - exp9 - INFO -   L=160: chern_mean=0.000000, chern_std=0.000000, n=0
2026-07-09 16:34:12,467 - exp9 - INFO -   L=240: chern_mean=0.000000, chern_std=0.000000, n=0
2026-07-09 16:34:12,467 - exp9 - INFO -   L=320: chern_mean=0.000000, chern_std=0.000000, n=0
2026-07-09 16:34:12,467 - exp9 - INFO - [H-phase] 结论: UNCERTAIN | 陈数随长度平滑变化，无显著跳变 (max_diff=1.5008)
2026-07-09 16:34:12,470 - exp9 - INFO - 
========================================
2026-07-09 16:34:12,470 - exp9 - INFO - Part C: H-topo-inhibit — 拓扑抗塌缩
2026-07-09 16:34:12,470 - exp9 - INFO - ========================================
2026-07-09 16:34:12,470 - exp9 - INFO - [H-topo-inhibit] 训练 100 步, λ_topo=0.1
2026-07-09 16:34:55,746 - exp9 - INFO - [H-topo-inhibit] 结论: SUPPORT | Treatment τ 高于 baseline 35.64x, diversity 提升 16.15x
2026-07-09 16:34:55,746 - exp9 - INFO - 
============================================================
2026-07-09 16:34:55,746 - exp9 - INFO - exp9 汇总判决
2026-07-09 16:34:55,746 - exp9 - INFO - ============================================================
2026-07-09 16:34:55,747 - exp9 - INFO - 通过: H-helix=False, H-phase=False, H-topo-inhibit=True
2026-07-09 16:34:55,747 - exp9 - INFO - 综合判决: S_WEAK
2026-07-09 16:34:55,747 - exp9 - INFO -   仅 1/3 假设通过 — 基本几何洞察成立，动力学需重新设计
2026-07-09 16:34:55,747 - exp9 - INFO - 报告已保存: c:\Users\51615\Desktop\2026.7.9.8.43对称、破缺与约束场\exp9_outputs\exp9_report.json
2026-07-09 16:34:55,749 - exp9 - INFO - Markdown 报告: c:\Users\51615\Desktop\2026.7.9.8.43对称、破缺与约束场\exp9_outputs\exp9_report.md
2026-07-09 16:34:55,749 - exp9 - INFO - 
exp9 完成!
