2026-07-09 10:17:21,883 - Exp7 - INFO - 数据集规模: train=480对 val=60对 test=60对
2026-07-09 10:17:21,883 - Exp7 - INFO - === [A_baseline_LM] 训练 causal 模型 ===
2026-07-09 10:17:38,919 - Exp7 - INFO - 数据集规模: train=480对 val=60对 test=60对
2026-07-09 10:17:38,919 - Exp7 - INFO - === [A_baseline_LM] 训练 causal 模型 ===
2026-07-09 10:18:09,867 - Exp7 - INFO - 数据集规模: train=480对 val=60对 test=60对
2026-07-09 10:18:09,868 - Exp7 - INFO - === [A_baseline_LM] 训练 causal 模型 ===
2026-07-09 10:18:16,967 - Exp7 - INFO - === [A_baseline_LM] 实验7 回环 holonomy 受控检验 ===
2026-07-09 10:18:44,315 - Exp7 - INFO - === [B_uniform_compress] 训练 causal 模型 ===
2026-07-09 10:18:46,728 - Exp7 - INFO - === [B_uniform_compress] 实验7 回环 holonomy 受控检验 ===
2026-07-09 10:19:15,177 - Exp7 - INFO - === [C_loopback_contrastive] 训练 causal 模型 ===
2026-07-09 11:02:51,946 - Exp7 - INFO - 数据集规模: train=480对 val=60对 test=60对
2026-07-09 11:02:51,946 - Exp7 - INFO - === [A_baseline_LM] 训练 causal 模型 ===
2026-07-09 11:03:06,960 - Exp7 - INFO - === [A_baseline_LM] 实验7 回环 holonomy 受控检验 ===
2026-07-09 11:03:31,335 - Exp7 - INFO - === [B_uniform_compress] 训练 causal 模型 ===
2026-07-09 11:03:43,143 - Exp7 - INFO - === [B_uniform_compress] 实验7 回环 holonomy 受控检验 ===
2026-07-09 11:04:10,603 - Exp7 - INFO - === [C_loopback_contrastive] 训练 causal 模型 ===
2026-07-09 11:33:57,550 - Exp7 - INFO - 数据集规模: train=480对 val=60对 test=60对
2026-07-09 11:33:57,551 - Exp7 - INFO - === [A_baseline_LM] 训练 causal 模型 ===
2026-07-09 11:34:10,441 - Exp7 - INFO - === [A_baseline_LM] 实验7 回环 holonomy 受控检验 ===
2026-07-09 11:34:39,521 - Exp7 - INFO - === [B_uniform_compress] 训练 causal 模型 ===
2026-07-09 11:34:51,179 - Exp7 - INFO - === [B_uniform_compress] 实验7 回环 holonomy 受控检验 ===
2026-07-09 11:35:20,491 - Exp7 - INFO - === [C_loopback_contrastive] 训练 causal 模型 ===
