2026-07-09 19:51:33,131 - Main - INFO - 开始时间: 2026-07-09T19:51:33.131930
2026-07-09 19:51:33,131 - Main - INFO - ============================================================
2026-07-09 19:51:33,131 - Main - INFO - 几何验证实验: 信息化为世界模型，世界模型遵守几何规则
2026-07-09 19:51:33,131 - Main - INFO - ============================================================
2026-07-09 19:51:33,132 - Main - INFO - [阶段0] 数据生成...
2026-07-09 19:51:33,573 - Main - INFO -   正例: train=400, val=50, test=50
2026-07-09 19:51:33,607 - Main - INFO - [阶段1] 训练基线模型...
2026-07-09 19:51:49,403 - Main - INFO - [阶段2] 训练几何增强模型...
2026-07-09 19:56:35,235 - Main - INFO - 开始时间: 2026-07-09T19:56:35.235991
2026-07-09 19:56:35,235 - Main - INFO - ============================================================
2026-07-09 19:56:35,235 - Main - INFO - 几何验证实验: 信息化为世界模型，世界模型遵守几何规则
2026-07-09 19:56:35,235 - Main - INFO - ============================================================
2026-07-09 19:56:35,235 - Main - INFO - [阶段0] 数据生成...
2026-07-09 19:56:35,632 - Main - INFO -   正例: train=400, val=50, test=50
2026-07-09 19:56:35,657 - Main - INFO - [阶段1] 训练基线模型...
2026-07-09 19:56:48,534 - Main - INFO - [阶段2] 训练几何增强模型...
2026-07-09 19:57:03,914 - Main - INFO - [阶段3] 公理验证...
2026-07-09 19:57:40,987 - Main - INFO - 报告已保存: data\..\outputs\geometric_axiom_report.json
2026-07-09 19:57:40,988 - Main - INFO - Markdown报告已保存: data\..\outputs\geometric_axiom_report.md
2026-07-09 20:01:18,530 - Main - INFO - 开始时间: 2026-07-09T20:01:18.530765
2026-07-09 20:01:18,530 - Main - INFO - ============================================================
2026-07-09 20:01:18,530 - Main - INFO - 几何验证实验: 信息化为世界模型，世界模型遵守几何规则
2026-07-09 20:01:18,530 - Main - INFO - ============================================================
2026-07-09 20:01:18,530 - Main - INFO - [阶段0] 数据生成...
2026-07-09 20:01:19,933 - Main - INFO -   正例: train=1600, val=200, test=200
2026-07-09 20:01:19,966 - Main - INFO - [阶段1] 训练基线模型...
2026-07-09 20:02:50,271 - Main - INFO - [阶段2] 训练几何增强模型...
2026-07-09 20:04:01,151 - Main - INFO - 开始时间: 2026-07-09T20:04:01.151475
2026-07-09 20:04:01,151 - Main - INFO - ============================================================
2026-07-09 20:04:01,151 - Main - INFO - 几何验证实验: 信息化为世界模型，世界模型遵守几何规则
2026-07-09 20:04:01,152 - Main - INFO - ============================================================
2026-07-09 20:04:01,152 - Main - INFO - [阶段0] 数据生成...
2026-07-09 20:04:01,631 - Main - INFO -   正例: train=640, val=80, test=80
2026-07-09 20:04:01,656 - Main - INFO - [阶段1] 训练基线模型...
2026-07-09 20:04:27,434 - Main - INFO - [阶段2] 训练几何增强模型...
2026-07-09 20:04:59,398 - Main - INFO - [阶段3] 公理验证...
2026-07-09 20:05:54,213 - Main - INFO - 报告已保存: data\..\outputs\geometric_axiom_report.json
2026-07-09 20:05:54,213 - Main - INFO - Markdown报告已保存: data\..\outputs\geometric_axiom_report.md
2026-07-09 20:10:47,129 - Main - INFO - 开始时间: 2026-07-09T20:10:47.129910
2026-07-09 20:10:47,129 - Main - INFO - ============================================================
2026-07-09 20:10:47,129 - Main - INFO - 几何验证实验: 信息化为世界模型，世界模型遵守几何规则
2026-07-09 20:10:47,129 - Main - INFO - ============================================================
2026-07-09 20:10:47,129 - Main - INFO - [阶段0] 数据生成...
2026-07-09 20:10:47,609 - Main - INFO -   正例: train=640, val=80, test=80
2026-07-09 20:10:47,633 - Main - INFO - [阶段1] 训练基线模型...
2026-07-09 20:11:10,850 - Main - INFO - [阶段1.5] 基线几何验证（公理核心检验：几何结构是否自然涌现）...
2026-07-09 20:11:24,535 - Main - INFO - [阶段2] 训练几何增强模型...
2026-07-09 20:11:55,968 - Main - INFO - [阶段3] 几何增强模型公理验证...
2026-07-09 20:13:45,809 - Main - INFO - 开始时间: 2026-07-09T20:13:45.809703
2026-07-09 20:13:45,809 - Main - INFO - ============================================================
2026-07-09 20:13:45,809 - Main - INFO - 几何验证实验: 信息化为世界模型，世界模型遵守几何规则
2026-07-09 20:13:45,809 - Main - INFO - ============================================================
2026-07-09 20:13:45,809 - Main - INFO - [阶段0] 数据生成...
2026-07-09 20:13:46,342 - Main - INFO -   正例: train=640, val=80, test=80
2026-07-09 20:13:46,372 - Main - INFO - [阶段1] 训练基线模型...
2026-07-09 20:14:13,213 - Main - INFO - [阶段1.5] 基线几何验证（公理核心检验：几何结构是否自然涌现）...
2026-07-09 20:14:16,735 - Main - INFO - [阶段2] 训练几何增强模型...
2026-07-09 20:14:50,532 - Main - INFO - [阶段3] 几何增强模型公理验证...
2026-07-09 20:15:05,072 - Main - INFO - 报告已保存: data\..\outputs\geometric_axiom_report.json
2026-07-09 20:15:05,073 - Main - INFO - Markdown报告已保存: data\..\outputs\geometric_axiom_report.md
2026-07-09 20:15:42,166 - Main - INFO - 开始时间: 2026-07-09T20:15:42.166481
2026-07-09 20:15:42,166 - Main - INFO - ============================================================
2026-07-09 20:15:42,166 - Main - INFO - 几何验证实验: 信息化为世界模型，世界模型遵守几何规则
2026-07-09 20:15:42,166 - Main - INFO - ============================================================
2026-07-09 20:15:42,166 - Main - INFO - [阶段0] 数据生成...
2026-07-09 20:15:42,675 - Main - INFO -   正例: train=640, val=80, test=80
2026-07-09 20:15:42,701 - Main - INFO - [阶段1] 训练基线模型...
2026-07-09 20:16:07,344 - Main - INFO - [阶段1.5] 基线几何验证（公理核心检验：几何结构是否自然涌现）...
2026-07-09 20:16:11,132 - Main - INFO - [阶段2] 训练几何增强模型...
2026-07-09 20:16:42,534 - Main - INFO - [阶段3] 几何增强模型公理验证...
2026-07-09 20:16:57,209 - Main - INFO - 报告已保存: data\..\outputs\geometric_axiom_report.json
2026-07-09 20:17:54,047 - Main - INFO - 开始时间: 2026-07-09T20:17:54.047635
2026-07-09 20:17:54,047 - Main - INFO - ============================================================
2026-07-09 20:17:54,048 - Main - INFO - 几何验证实验: 信息化为世界模型，世界模型遵守几何规则
2026-07-09 20:17:54,048 - Main - INFO - ============================================================
2026-07-09 20:17:54,048 - Main - INFO - [阶段0] 数据生成...
2026-07-09 20:17:54,608 - Main - INFO -   正例: train=640, val=80, test=80
2026-07-09 20:17:54,637 - Main - INFO - [阶段1] 训练基线模型...
2026-07-09 20:18:20,098 - Main - INFO - [阶段1.5] 基线几何验证（公理核心检验：几何结构是否自然涌现）...
2026-07-09 20:18:23,780 - Main - INFO - [阶段2] 训练几何增强模型...
2026-07-09 20:18:55,830 - Main - INFO - [阶段3] 几何增强模型公理验证...
2026-07-09 20:19:10,600 - Main - INFO - 报告已保存: data\..\outputs\geometric_axiom_report.json
2026-07-09 20:19:10,601 - Main - INFO - Markdown报告已保存: data\..\outputs\geometric_axiom_report.md
