2026-07-09 20:47:12,896 - NewtonMain - INFO - 开始时间: 2026-07-09T20:47:12.896063
2026-07-09 20:47:12,896 - NewtonMain - INFO - ============================================================
2026-07-09 20:47:12,896 - NewtonMain - INFO - 牛顿版本实验: 平直空间 + 势函数 + 加速度惩罚
2026-07-09 20:47:12,896 - NewtonMain - INFO - ============================================================
2026-07-09 20:47:12,896 - NewtonMain - INFO - [阶段0] 数据生成...
2026-07-09 20:47:13,470 - NewtonMain - INFO -   正例: train=640, val=80, test=80
2026-07-09 20:47:14,405 - NewtonMain - INFO - [阶段1] 训练基线模型...
2026-07-09 20:47:40,492 - NewtonMain - INFO - [阶段2] 训练牛顿版本模型...
2026-07-09 20:48:07,759 - NewtonMain - INFO - [阶段3] 牛顿版本验证...
2026-07-09 20:48:40,877 - NewtonMain - INFO - 开始时间: 2026-07-09T20:48:40.877814
2026-07-09 20:48:40,879 - NewtonMain - INFO - ============================================================
2026-07-09 20:48:40,879 - NewtonMain - INFO - 牛顿版本实验: 平直空间 + 势函数 + 加速度惩罚
2026-07-09 20:48:40,879 - NewtonMain - INFO - ============================================================
2026-07-09 20:48:40,879 - NewtonMain - INFO - [阶段0] 数据生成...
2026-07-09 20:48:41,397 - NewtonMain - INFO -   正例: train=640, val=80, test=80
2026-07-09 20:48:42,337 - NewtonMain - INFO - [阶段1] 训练基线模型...
2026-07-09 20:49:10,285 - NewtonMain - INFO - [阶段2] 训练牛顿版本模型...
2026-07-09 20:49:36,886 - NewtonMain - INFO - [阶段3] 牛顿版本验证...
2026-07-09 20:50:58,208 - NewtonMain - INFO - 开始时间: 2026-07-09T20:50:58.208408
2026-07-09 20:50:58,209 - NewtonMain - INFO - ============================================================
2026-07-09 20:50:58,209 - NewtonMain - INFO - 牛顿版本实验: 平直空间 + 势函数 + 加速度惩罚
2026-07-09 20:50:58,209 - NewtonMain - INFO - ============================================================
2026-07-09 20:50:58,209 - NewtonMain - INFO - [阶段0] 数据生成...
2026-07-09 20:50:58,841 - NewtonMain - INFO -   正例: train=640, val=80, test=80
2026-07-09 20:50:59,865 - NewtonMain - INFO - [阶段1] 训练基线模型...
2026-07-09 20:51:25,707 - NewtonMain - INFO - [阶段2] 训练牛顿版本模型...
2026-07-09 20:51:53,843 - NewtonMain - INFO - [阶段3] 牛顿版本验证...
2026-07-09 20:51:54,416 - NewtonMain - INFO - 报告已保存: data\..\outputs\newton_experiment_report.json
2026-07-09 20:51:54,417 - NewtonMain - INFO - Markdown报告已保存: data\..\outputs\newton_experiment_report.md
