2026-07-09 21:02:05,324 - v7Main - INFO - 开始时间: 2026-07-09T21:02:05.324701
2026-07-09 21:02:05,324 - v7Main - INFO - ============================================================
2026-07-09 21:02:05,324 - v7Main - INFO - GUIT-TRT v7.0: 约束力做功分析（拉格朗日约束力学版）
2026-07-09 21:02:05,324 - v7Main - INFO - ============================================================
2026-07-09 21:02:05,324 - v7Main - INFO - [阶段0] 数据生成与模型训练...
2026-07-09 21:02:29,254 - v7Main - INFO - 开始时间: 2026-07-09T21:02:29.254214
2026-07-09 21:02:29,255 - v7Main - INFO - ============================================================
2026-07-09 21:02:29,255 - v7Main - INFO - GUIT-TRT v7.0: 约束力做功分析（拉格朗日约束力学版）
2026-07-09 21:02:29,255 - v7Main - INFO - ============================================================
2026-07-09 21:02:29,255 - v7Main - INFO - [阶段0] 数据生成与模型训练...
2026-07-09 21:02:29,722 - v7Main - INFO -   训练牛顿版本模型...
2026-07-09 21:02:55,298 - v7Main - INFO - [阶段1] 提取隐状态轨迹...
2026-07-09 21:02:55,385 - v7Main - INFO -   正例轨迹: 40, 负例轨迹: 40
2026-07-09 21:02:55,385 - v7Main - INFO - [阶段2] v7.0 约束力做功分析...
2026-07-09 21:03:44,888 - v7Main - INFO - 开始时间: 2026-07-09T21:03:44.888408
2026-07-09 21:03:44,888 - v7Main - INFO - ============================================================
2026-07-09 21:03:44,888 - v7Main - INFO - GUIT-TRT v7.0: 约束力做功分析（拉格朗日约束力学版）
2026-07-09 21:03:44,888 - v7Main - INFO - ============================================================
2026-07-09 21:03:44,888 - v7Main - INFO - [阶段0] 数据生成与模型训练...
2026-07-09 21:03:45,429 - v7Main - INFO -   训练牛顿版本模型...
2026-07-09 21:04:11,818 - v7Main - INFO - [阶段1] 提取隐状态轨迹...
2026-07-09 21:04:11,941 - v7Main - INFO -   正例轨迹: 40, 负例轨迹: 40
2026-07-09 21:04:11,941 - v7Main - INFO - [阶段2] v7.0 约束力做功分析...
2026-07-09 21:04:11,965 - v7Main - INFO -   γ=0.01:
2026-07-09 21:04:11,965 - v7Main - INFO -     P(t): pos_mean=14.954759, neg_mean=17.169931, p=0.0003
2026-07-09 21:04:11,965 - v7Main - INFO -     偏度: pos=2.909, neg=5.273
2026-07-09 21:04:11,965 - v7Main - INFO -     判决: OPPOSE (0/3)
2026-07-09 21:04:11,965 - v7Main - INFO -     有效秩: pos=7, neg=6, verdict=OPPOSE
2026-07-09 21:04:11,965 - v7Main - INFO -     总判决: OPPOSE
2026-07-09 21:04:11,982 - v7Main - INFO -   γ=0.1:
2026-07-09 21:04:11,982 - v7Main - INFO -     P(t): pos_mean=16.113228, neg_mean=18.446635, p=0.0003
2026-07-09 21:04:11,982 - v7Main - INFO -     偏度: pos=2.932, neg=5.300
2026-07-09 21:04:11,982 - v7Main - INFO -     判决: OPPOSE (0/3)
2026-07-09 21:04:11,982 - v7Main - INFO -     有效秩: pos=7, neg=6, verdict=OPPOSE
2026-07-09 21:04:11,982 - v7Main - INFO -     总判决: OPPOSE
2026-07-09 21:04:12,014 - v7Main - INFO -   γ=0.5:
2026-07-09 21:04:12,014 - v7Main - INFO -     P(t): pos_mean=21.261981, neg_mean=24.120878, p=0.0003
2026-07-09 21:04:12,016 - v7Main - INFO -     偏度: pos=2.971, neg=5.351
2026-07-09 21:04:12,016 - v7Main - INFO -     判决: OPPOSE (0/3)
2026-07-09 21:04:12,016 - v7Main - INFO -     有效秩: pos=7, neg=6, verdict=OPPOSE
2026-07-09 21:04:12,016 - v7Main - INFO -     总判决: OPPOSE
2026-07-09 21:04:12,038 - v7Main - INFO -   γ=1.0:
2026-07-09 21:04:12,038 - v7Main - INFO -     P(t): pos_mean=27.697922, neg_mean=31.213682, p=0.0003
2026-07-09 21:04:12,038 - v7Main - INFO -     偏度: pos=2.957, neg=5.347
2026-07-09 21:04:12,038 - v7Main - INFO -     判决: OPPOSE (0/3)
2026-07-09 21:04:12,038 - v7Main - INFO -     有效秩: pos=7, neg=6, verdict=OPPOSE
2026-07-09 21:04:12,038 - v7Main - INFO -     总判决: OPPOSE
2026-07-09 21:04:12,055 - v7Main - INFO -   γ=2.0:
2026-07-09 21:04:12,055 - v7Main - INFO -     P(t): pos_mean=40.569805, neg_mean=45.399289, p=0.0004
2026-07-09 21:04:12,055 - v7Main - INFO -     偏度: pos=2.896, neg=5.288
2026-07-09 21:04:12,055 - v7Main - INFO -     判决: OPPOSE (0/3)
2026-07-09 21:04:12,056 - v7Main - INFO -     有效秩: pos=7, neg=6, verdict=OPPOSE
2026-07-09 21:04:12,056 - v7Main - INFO -     总判决: OPPOSE
2026-07-09 21:04:12,056 - v7Main - INFO - 
  最佳γ=0.01 (使pos P(t)最接近0)
2026-07-09 21:04:12,056 - v7Main - INFO - [阶段3] 牛顿版本验证（对照）...
2026-07-09 21:04:12,450 - v7Main - INFO -   hamiltonian_conservation: verdict=SUPPORT
2026-07-09 21:04:12,450 - v7Main - INFO -   force_alignment: verdict=OPPOSE
2026-07-09 21:04:12,450 - v7Main - INFO -   potential_barrier: verdict=OPPOSE
2026-07-09 21:04:12,451 - v7Main - INFO - 报告已保存: data\..\outputs\v7_constraint_power_report.json
2026-07-09 21:04:12,451 - v7Main - INFO - Markdown报告已保存: data\..\outputs\v7_constraint_power_report.md
