2026-07-09 21:13:24,332 - v8Main - INFO - 开始时间: 2026-07-09T21:13:24.332877
2026-07-09 21:13:24,332 - v8Main - INFO - ============================================================
2026-07-09 21:13:24,333 - v8Main - INFO - GUIT-TRT v8.0: 带非保守主动力的拉格朗日系统分析
2026-07-09 21:13:24,333 - v8Main - INFO - ============================================================
2026-07-09 21:13:24,333 - v8Main - INFO - [阶段0] 数据生成与模型训练...
2026-07-09 21:13:24,826 - v8Main - INFO -   训练牛顿版本模型...
2026-07-09 21:13:54,623 - v8Main - INFO - [阶段1] 提取隐状态轨迹...
2026-07-09 21:13:54,717 - v8Main - INFO -   正例轨迹: 40, 负例轨迹: 40
2026-07-09 21:13:54,717 - v8Main - INFO - [阶段2] v7.0对照: 原始约束力做功分析...
2026-07-09 21:13:54,735 - v8Main - INFO -   v7.0 P(t): pos_mean=13.2067, neg_mean=15.3016, verdict=OPPOSE
2026-07-09 21:13:54,735 - v8Main - INFO - [阶段3] v8.0核心: 扣除主动力后的约束力分析...
2026-07-09 21:16:23,349 - v8Main - INFO - 开始时间: 2026-07-09T21:16:23.349308
2026-07-09 21:16:23,349 - v8Main - INFO - ============================================================
2026-07-09 21:16:23,349 - v8Main - INFO - GUIT-TRT v8.0: 带非保守主动力的拉格朗日系统分析
2026-07-09 21:16:23,349 - v8Main - INFO - ============================================================
2026-07-09 21:16:23,349 - v8Main - INFO - [阶段0] 数据生成与模型训练...
2026-07-09 21:16:23,809 - v8Main - INFO -   训练牛顿版本模型...
2026-07-09 21:16:49,888 - v8Main - INFO - [阶段1] 提取隐状态轨迹...
2026-07-09 21:16:49,968 - v8Main - INFO -   正例轨迹: 40, 负例轨迹: 40
2026-07-09 21:16:49,968 - v8Main - INFO - [阶段2] v7.0对照: 原始约束力做功分析...
2026-07-09 21:16:49,985 - v8Main - INFO -   v7.0 P(t): pos_mean=12.8730, neg_mean=14.4396, verdict=OPPOSE
2026-07-09 21:16:49,985 - v8Main - INFO - [阶段3] v8.0核心: 扣除主动力后的约束力分析...
2026-07-09 21:17:19,697 - v8Main - INFO - 开始时间: 2026-07-09T21:17:19.697048
2026-07-09 21:17:19,697 - v8Main - INFO - ============================================================
2026-07-09 21:17:19,697 - v8Main - INFO - GUIT-TRT v8.0: 带非保守主动力的拉格朗日系统分析
2026-07-09 21:17:19,697 - v8Main - INFO - ============================================================
2026-07-09 21:17:19,697 - v8Main - INFO - [阶段0] 数据生成与模型训练...
2026-07-09 21:17:20,139 - v8Main - INFO -   训练牛顿版本模型...
2026-07-09 21:17:45,906 - v8Main - INFO - [阶段1] 提取隐状态轨迹...
2026-07-09 21:17:46,001 - v8Main - INFO -   正例轨迹: 40, 负例轨迹: 40
2026-07-09 21:17:46,001 - v8Main - INFO - [阶段2] v7.0对照: 原始约束力做功分析...
2026-07-09 21:17:46,019 - v8Main - INFO -   v7.0 P(t): pos_mean=12.8955, neg_mean=14.9698, verdict=OPPOSE
2026-07-09 21:17:46,019 - v8Main - INFO - [阶段3] v8.0核心: 扣除主动力后的约束力分析...
2026-07-09 21:17:46,079 - v8Main - INFO -   方法=B, γ=0.01:
2026-07-09 21:17:46,079 - v8Main - INFO -     修正P_c: pos=13.0643, neg=15.2054, p=0.0003
2026-07-09 21:17:46,079 - v8Main - INFO -     能量分解: P_raw=12.8955, P_active=-0.1688, P_constraint=13.0643
2026-07-09 21:17:46,079 - v8Main - INFO -     主动力对齐: pos=-0.0547, neg=-0.0507
2026-07-09 21:17:46,079 - v8Main - INFO -     总判决: OPPOSE (0/2)
2026-07-09 21:17:46,160 - v8Main - INFO -   方法=B, γ=0.1:
2026-07-09 21:17:46,160 - v8Main - INFO -     修正P_c: pos=14.1014, neg=16.3503, p=0.0003
2026-07-09 21:17:46,160 - v8Main - INFO -     能量分解: P_raw=13.9326, P_active=-0.1688, P_constraint=14.1014
2026-07-09 21:17:46,160 - v8Main - INFO -     主动力对齐: pos=-0.0547, neg=-0.0507
2026-07-09 21:17:46,160 - v8Main - INFO -     总判决: OPPOSE (0/2)
2026-07-09 21:17:46,213 - v8Main - INFO -   方法=B, γ=0.5:
2026-07-09 21:17:46,213 - v8Main - INFO -     修正P_c: pos=18.7109, neg=21.4386, p=0.0003
2026-07-09 21:17:46,213 - v8Main - INFO -     能量分解: P_raw=18.5420, P_active=-0.1688, P_constraint=18.7109
2026-07-09 21:17:46,213 - v8Main - INFO -     主动力对齐: pos=-0.0547, neg=-0.0507
2026-07-09 21:17:46,213 - v8Main - INFO -     总判决: OPPOSE (0/2)
2026-07-09 21:17:46,306 - v8Main - INFO -   方法=C, γ=0.01:
2026-07-09 21:17:46,307 - v8Main - INFO -     修正P_c: pos=12.8955, neg=14.9698, p=0.0002
2026-07-09 21:17:46,307 - v8Main - INFO -     能量分解: P_raw=12.8955, P_active=-0.0000, P_constraint=12.8955
2026-07-09 21:17:46,307 - v8Main - INFO -     主动力对齐: pos=-0.0286, neg=-0.0304
2026-07-09 21:17:46,307 - v8Main - INFO -     总判决: OPPOSE (0/2)
2026-07-09 21:17:46,402 - v8Main - INFO -   方法=C, γ=0.1:
2026-07-09 21:17:46,402 - v8Main - INFO -     修正P_c: pos=13.9326, neg=16.1147, p=0.0002
2026-07-09 21:17:46,402 - v8Main - INFO -     能量分解: P_raw=13.9326, P_active=-0.0000, P_constraint=13.9326
2026-07-09 21:17:46,402 - v8Main - INFO -     主动力对齐: pos=-0.0286, neg=-0.0304
2026-07-09 21:17:46,402 - v8Main - INFO -     总判决: OPPOSE (0/2)
2026-07-09 21:17:46,501 - v8Main - INFO -   方法=C, γ=0.5:
2026-07-09 21:17:46,501 - v8Main - INFO -     修正P_c: pos=18.5421, neg=21.2030, p=0.0002
2026-07-09 21:17:46,501 - v8Main - INFO -     能量分解: P_raw=18.5420, P_active=-0.0000, P_constraint=18.5421
2026-07-09 21:17:46,501 - v8Main - INFO -     主动力对齐: pos=-0.0286, neg=-0.0304
2026-07-09 21:17:46,501 - v8Main - INFO -     总判决: OPPOSE (0/2)
2026-07-09 21:17:46,501 - v8Main - INFO - 
  最佳配置: method_C_gamma_0.01 (修正后pos P_c最接近0)
2026-07-09 21:17:46,501 - v8Main - INFO - [阶段4] 牛顿版本验证（对照）...
2026-07-09 21:17:46,834 - v8Main - INFO -   hamiltonian_conservation: verdict=SUPPORT
2026-07-09 21:17:46,835 - v8Main - INFO -   force_alignment: verdict=OPPOSE
2026-07-09 21:17:46,835 - v8Main - INFO -   potential_barrier: verdict=OPPOSE
2026-07-09 21:17:46,836 - v8Main - INFO - 报告已保存: data\..\outputs\v8_active_force_report.json
2026-07-09 21:17:46,836 - v8Main - INFO - Markdown报告已保存: data\..\outputs\v8_active_force_report.md
2026-07-09 21:20:43,523 - v8Main - INFO - 开始时间: 2026-07-09T21:20:43.523138
2026-07-09 21:20:43,523 - v8Main - INFO - ============================================================
2026-07-09 21:20:43,523 - v8Main - INFO - GUIT-TRT v8.0: 带非保守主动力的拉格朗日系统分析
2026-07-09 21:20:43,523 - v8Main - INFO - ============================================================
2026-07-09 21:20:43,523 - v8Main - INFO - [阶段0] 数据生成与模型训练...
2026-07-09 21:20:43,973 - v8Main - INFO -   训练牛顿版本模型...
2026-07-09 21:21:09,696 - v8Main - INFO - [阶段1] 提取隐状态轨迹...
2026-07-09 21:21:09,778 - v8Main - INFO -   正例轨迹: 40, 负例轨迹: 40
2026-07-09 21:21:09,778 - v8Main - INFO - [阶段2] v7.0对照: 原始约束力做功分析...
2026-07-09 21:21:09,795 - v8Main - INFO -   v7.0 P(t): pos_mean=14.9107, neg_mean=17.0006, verdict=OPPOSE
2026-07-09 21:21:09,795 - v8Main - INFO - [阶段3] v8.0核心: 扣除主动力后的约束力分析...
2026-07-09 21:21:09,854 - v8Main - INFO -   方法=D, γ=0.01, α=0.5:
2026-07-09 21:21:09,854 - v8Main - INFO -     修正P_c: pos=15.7322, neg=18.2303, p=0.0003
2026-07-09 21:21:09,854 - v8Main - INFO -     能量分解: P_raw=14.9107, P_active=-0.8215, P_constraint=15.7322
2026-07-09 21:21:09,854 - v8Main - INFO -     总判决: OPPOSE (0/2)
2026-07-09 21:21:09,894 - v8Main - INFO -   方法=D, γ=0.01, α=1.0:
2026-07-09 21:21:09,894 - v8Main - INFO -     修正P_c: pos=16.5537, neg=19.4600, p=0.0004
2026-07-09 21:21:09,895 - v8Main - INFO -     能量分解: P_raw=14.9107, P_active=-1.6430, P_constraint=16.5537
2026-07-09 21:21:09,895 - v8Main - INFO -     总判决: OPPOSE (0/2)
2026-07-09 21:21:09,937 - v8Main - INFO -   方法=D, γ=0.01, α=2.0:
2026-07-09 21:21:09,937 - v8Main - INFO -     修正P_c: pos=18.1966, neg=21.9193, p=0.0007
2026-07-09 21:21:09,937 - v8Main - INFO -     能量分解: P_raw=14.9107, P_active=-3.2860, P_constraint=18.1966
2026-07-09 21:21:09,937 - v8Main - INFO -     总判决: OPPOSE (0/2)
2026-07-09 21:21:09,979 - v8Main - INFO -   方法=D, γ=0.01, α=5.0:
2026-07-09 21:21:09,979 - v8Main - INFO -     修正P_c: pos=23.1256, neg=29.2974, p=0.0016
2026-07-09 21:21:09,979 - v8Main - INFO -     能量分解: P_raw=14.9107, P_active=-8.2149, P_constraint=23.1256
2026-07-09 21:21:09,979 - v8Main - INFO -     总判决: OPPOSE (0/2)
2026-07-09 21:21:10,023 - v8Main - INFO -   方法=D, γ=0.01, α=10.0:
2026-07-09 21:21:10,024 - v8Main - INFO -     修正P_c: pos=31.3405, neg=41.5941, p=0.0028
2026-07-09 21:21:10,024 - v8Main - INFO -     能量分解: P_raw=14.9107, P_active=-16.4298, P_constraint=31.3405
2026-07-09 21:21:10,024 - v8Main - INFO -     总判决: OPPOSE (0/2)
2026-07-09 21:21:10,066 - v8Main - INFO -   方法=D, γ=0.1, α=0.5:
2026-07-09 21:21:10,066 - v8Main - INFO -     修正P_c: pos=16.9145, neg=19.5260, p=0.0003
2026-07-09 21:21:10,066 - v8Main - INFO -     能量分解: P_raw=16.0930, P_active=-0.8215, P_constraint=16.9145
2026-07-09 21:21:10,066 - v8Main - INFO -     总判决: OPPOSE (0/2)
2026-07-09 21:21:10,108 - v8Main - INFO -   方法=D, γ=0.1, α=1.0:
2026-07-09 21:21:10,108 - v8Main - INFO -     修正P_c: pos=17.7359, neg=20.7557, p=0.0004
2026-07-09 21:21:10,108 - v8Main - INFO -     能量分解: P_raw=16.0930, P_active=-1.6430, P_constraint=17.7359
2026-07-09 21:21:10,108 - v8Main - INFO -     总判决: OPPOSE (0/2)
2026-07-09 21:21:10,151 - v8Main - INFO -   方法=D, γ=0.1, α=2.0:
2026-07-09 21:21:10,151 - v8Main - INFO -     修正P_c: pos=19.3789, neg=23.2151, p=0.0006
2026-07-09 21:21:10,151 - v8Main - INFO -     能量分解: P_raw=16.0930, P_active=-3.2860, P_constraint=19.3789
2026-07-09 21:21:10,151 - v8Main - INFO -     总判决: OPPOSE (0/2)
2026-07-09 21:21:10,196 - v8Main - INFO -   方法=D, γ=0.1, α=5.0:
2026-07-09 21:21:10,196 - v8Main - INFO -     修正P_c: pos=24.3078, neg=30.5931, p=0.0015
2026-07-09 21:21:10,196 - v8Main - INFO -     能量分解: P_raw=16.0930, P_active=-8.2149, P_constraint=24.3078
2026-07-09 21:21:10,196 - v8Main - INFO -     总判决: OPPOSE (0/2)
2026-07-09 21:21:10,237 - v8Main - INFO -   方法=D, γ=0.1, α=10.0:
2026-07-09 21:21:10,237 - v8Main - INFO -     修正P_c: pos=32.5227, neg=42.8899, p=0.0026
2026-07-09 21:21:10,237 - v8Main - INFO -     能量分解: P_raw=16.0930, P_active=-16.4298, P_constraint=32.5227
2026-07-09 21:21:10,238 - v8Main - INFO -     总判决: OPPOSE (0/2)
2026-07-09 21:21:10,238 - v8Main - INFO - 
  最佳配置: method_D_gamma_0.01_alpha_0.5 (修正后pos P_c最接近0)
2026-07-09 21:21:10,238 - v8Main - INFO - [阶段4] 牛顿版本验证（对照）...
2026-07-09 21:21:10,545 - v8Main - INFO -   hamiltonian_conservation: verdict=SUPPORT
2026-07-09 21:21:10,545 - v8Main - INFO -   force_alignment: verdict=OPPOSE
2026-07-09 21:21:10,545 - v8Main - INFO -   potential_barrier: verdict=OPPOSE
2026-07-09 21:21:10,546 - v8Main - INFO - 报告已保存: data\..\outputs\v8_active_force_report.json
2026-07-09 21:21:10,548 - v8Main - INFO - Markdown报告已保存: data\..\outputs\v8_active_force_report.md
2026-07-09 21:23:26,105 - v8Main - INFO - 开始时间: 2026-07-09T21:23:26.105639
2026-07-09 21:23:26,105 - v8Main - INFO - ============================================================
2026-07-09 21:23:26,105 - v8Main - INFO - GUIT-TRT v8.0: 带非保守主动力的拉格朗日系统分析
2026-07-09 21:23:26,105 - v8Main - INFO - ============================================================
2026-07-09 21:23:26,105 - v8Main - INFO - [阶段0] 数据生成与模型训练...
2026-07-09 21:23:26,573 - v8Main - INFO -   训练牛顿版本模型...
2026-07-09 21:23:52,335 - v8Main - INFO - [阶段1] 提取隐状态轨迹...
2026-07-09 21:23:52,420 - v8Main - INFO -   正例轨迹: 40, 负例轨迹: 40
2026-07-09 21:23:52,421 - v8Main - INFO - [阶段2] v7.0对照: 原始约束力做功分析...
2026-07-09 21:23:52,438 - v8Main - INFO -   v7.0 P(t): pos_mean=14.0308, neg_mean=16.1166, verdict=OPPOSE
2026-07-09 21:23:52,438 - v8Main - INFO - [阶段3] v8.0核心: 扣除主动力后的约束力分析...
2026-07-09 21:23:52,495 - v8Main - INFO -   方法=D, γ=0.01, α=0.5:
2026-07-09 21:23:52,495 - v8Main - INFO -     修正P_c: pos=14.7063, neg=17.2404, p=0.0003
2026-07-09 21:23:52,495 - v8Main - INFO -     能量分解: P_raw=14.0308, P_active=-0.6755, P_constraint=14.7063
2026-07-09 21:23:52,497 - v8Main - INFO -     总判决: OPPOSE (0/2)
2026-07-09 21:23:52,539 - v8Main - INFO -   方法=D, γ=0.01, α=1.0:
2026-07-09 21:23:52,539 - v8Main - INFO -     修正P_c: pos=15.3818, neg=18.3642, p=0.0004
2026-07-09 21:23:52,539 - v8Main - INFO -     能量分解: P_raw=14.0308, P_active=-1.3509, P_constraint=15.3818
2026-07-09 21:23:52,539 - v8Main - INFO -     总判决: OPPOSE (0/2)
2026-07-09 21:23:52,580 - v8Main - INFO -   方法=D, γ=0.01, α=2.0:
2026-07-09 21:23:52,580 - v8Main - INFO -     修正P_c: pos=16.7327, neg=20.6118, p=0.0006
2026-07-09 21:23:52,580 - v8Main - INFO -     能量分解: P_raw=14.0308, P_active=-2.7018, P_constraint=16.7327
2026-07-09 21:23:52,580 - v8Main - INFO -     总判决: OPPOSE (0/2)
2026-07-09 21:23:52,624 - v8Main - INFO -   方法=D, γ=0.01, α=5.0:
2026-07-09 21:23:52,624 - v8Main - INFO -     修正P_c: pos=20.7854, neg=27.3545, p=0.0012
2026-07-09 21:23:52,624 - v8Main - INFO -     能量分解: P_raw=14.0308, P_active=-6.7546, P_constraint=20.7854
2026-07-09 21:23:52,624 - v8Main - INFO -     总判决: OPPOSE (0/2)
2026-07-09 21:23:52,667 - v8Main - INFO -   方法=D, γ=0.01, α=10.0:
2026-07-09 21:23:52,667 - v8Main - INFO -     修正P_c: pos=27.5400, neg=38.5923, p=0.0018
2026-07-09 21:23:52,667 - v8Main - INFO -     能量分解: P_raw=14.0308, P_active=-13.5092, P_constraint=27.5400
2026-07-09 21:23:52,667 - v8Main - INFO -     总判决: OPPOSE (0/2)
2026-07-09 21:23:52,710 - v8Main - INFO -   方法=D, γ=0.1, α=0.5:
2026-07-09 21:23:52,710 - v8Main - INFO -     修正P_c: pos=15.8362, neg=18.4763, p=0.0003
2026-07-09 21:23:52,710 - v8Main - INFO -     能量分解: P_raw=15.1607, P_active=-0.6755, P_constraint=15.8362
2026-07-09 21:23:52,711 - v8Main - INFO -     总判决: OPPOSE (0/2)
2026-07-09 21:23:52,753 - v8Main - INFO -   方法=D, γ=0.1, α=1.0:
2026-07-09 21:23:52,753 - v8Main - INFO -     修正P_c: pos=16.5117, neg=19.6001, p=0.0004
2026-07-09 21:23:52,753 - v8Main - INFO -     能量分解: P_raw=15.1607, P_active=-1.3509, P_constraint=16.5117
2026-07-09 21:23:52,754 - v8Main - INFO -     总判决: OPPOSE (0/2)
2026-07-09 21:23:52,796 - v8Main - INFO -   方法=D, γ=0.1, α=2.0:
2026-07-09 21:23:52,796 - v8Main - INFO -     修正P_c: pos=17.8626, neg=21.8476, p=0.0006
2026-07-09 21:23:52,796 - v8Main - INFO -     能量分解: P_raw=15.1607, P_active=-2.7018, P_constraint=17.8626
2026-07-09 21:23:52,796 - v8Main - INFO -     总判决: OPPOSE (0/2)
2026-07-09 21:23:52,838 - v8Main - INFO -   方法=D, γ=0.1, α=5.0:
2026-07-09 21:23:52,838 - v8Main - INFO -     修正P_c: pos=21.9153, neg=28.5903, p=0.0011
2026-07-09 21:23:52,838 - v8Main - INFO -     能量分解: P_raw=15.1607, P_active=-6.7546, P_constraint=21.9153
2026-07-09 21:23:52,838 - v8Main - INFO -     总判决: OPPOSE (0/2)
2026-07-09 21:23:52,880 - v8Main - INFO -   方法=D, γ=0.1, α=10.0:
2026-07-09 21:23:52,880 - v8Main - INFO -     修正P_c: pos=28.6699, neg=39.8282, p=0.0017
2026-07-09 21:23:52,880 - v8Main - INFO -     能量分解: P_raw=15.1607, P_active=-13.5092, P_constraint=28.6699
2026-07-09 21:23:52,881 - v8Main - INFO -     总判决: OPPOSE (0/2)
2026-07-09 21:23:52,881 - v8Main - INFO - 
  最佳配置: method_D_gamma_0.01_alpha_0.5 (修正后pos P_c最接近0)
2026-07-09 21:23:52,881 - v8Main - INFO - [阶段4] 牛顿版本验证（对照）...
2026-07-09 21:23:53,189 - v8Main - INFO -   hamiltonian_conservation: verdict=SUPPORT
2026-07-09 21:23:53,189 - v8Main - INFO -   force_alignment: verdict=OPPOSE
2026-07-09 21:23:53,189 - v8Main - INFO -   potential_barrier: verdict=OPPOSE
2026-07-09 21:23:53,190 - v8Main - INFO - 报告已保存: data\..\outputs\v8_active_force_report.json
2026-07-09 21:23:53,191 - v8Main - INFO - Markdown报告已保存: data\..\outputs\v8_active_force_report.md
2026-07-09 21:25:08,356 - v8Main - INFO - 开始时间: 2026-07-09T21:25:08.356204
2026-07-09 21:25:08,356 - v8Main - INFO - ============================================================
2026-07-09 21:25:08,356 - v8Main - INFO - GUIT-TRT v8.0: 带非保守主动力的拉格朗日系统分析
2026-07-09 21:25:08,357 - v8Main - INFO - ============================================================
2026-07-09 21:25:08,357 - v8Main - INFO - [阶段0] 数据生成与模型训练...
2026-07-09 21:25:08,851 - v8Main - INFO -   训练牛顿版本模型...
2026-07-09 21:25:34,968 - v8Main - INFO - [阶段1] 提取隐状态轨迹...
2026-07-09 21:25:35,052 - v8Main - INFO -   正例轨迹: 40, 负例轨迹: 40
2026-07-09 21:25:35,053 - v8Main - INFO - [阶段2] v7.0对照: 原始约束力做功分析...
2026-07-09 21:25:35,070 - v8Main - INFO -   v7.0 P(t): pos_mean=12.6435, neg_mean=14.7072, verdict=OPPOSE
2026-07-09 21:25:35,070 - v8Main - INFO - [阶段3] v8.0核心: 扣除主动力后的约束力分析...
2026-07-09 21:25:35,125 - v8Main - INFO -   方法=D, γ=0.01, α=0.5:
2026-07-09 21:25:35,125 - v8Main - INFO -     修正P_c: pos=6.9720, neg=8.4379, p=0.0001
2026-07-09 21:25:35,125 - v8Main - INFO -     能量分解: P_raw=12.6435, P_active=5.6716, P_constraint=6.9720
2026-07-09 21:25:35,125 - v8Main - INFO -     总判决: OPPOSE (0/2)
2026-07-09 21:25:35,166 - v8Main - INFO -   方法=D, γ=0.01, α=1.0:
2026-07-09 21:25:35,166 - v8Main - INFO -     修正P_c: pos=1.3004, neg=2.1687, p=0.0013
2026-07-09 21:25:35,166 - v8Main - INFO -     能量分解: P_raw=12.6435, P_active=11.3431, P_constraint=1.3004
2026-07-09 21:25:35,166 - v8Main - INFO -     总判决: OPPOSE (0/2)
2026-07-09 21:25:35,211 - v8Main - INFO -   方法=D, γ=0.01, α=2.0:
2026-07-09 21:25:35,211 - v8Main - INFO -     修正P_c: pos=-10.0427, neg=-10.3697, p=0.2991
2026-07-09 21:25:35,211 - v8Main - INFO -     能量分解: P_raw=12.6435, P_active=22.6862, P_constraint=-10.0427
2026-07-09 21:25:35,211 - v8Main - INFO -     总判决: WEAK_SUPPORT (1/2)
2026-07-09 21:25:35,252 - v8Main - INFO -   方法=D, γ=0.01, α=5.0:
2026-07-09 21:25:35,252 - v8Main - INFO -     修正P_c: pos=-44.0720, neg=-47.9850, p=0.0015
2026-07-09 21:25:35,252 - v8Main - INFO -     能量分解: P_raw=12.6435, P_active=56.7155, P_constraint=-44.0720
2026-07-09 21:25:35,252 - v8Main - INFO -     总判决: WEAK_SUPPORT (1/2)
2026-07-09 21:25:35,294 - v8Main - INFO -   方法=D, γ=0.01, α=10.0:
2026-07-09 21:25:35,295 - v8Main - INFO -     修正P_c: pos=-100.7875, neg=-110.6772, p=0.0006
2026-07-09 21:25:35,295 - v8Main - INFO -     能量分解: P_raw=12.6435, P_active=113.4310, P_constraint=-100.7875
2026-07-09 21:25:35,295 - v8Main - INFO -     总判决: WEAK_SUPPORT (1/2)
2026-07-09 21:25:35,336 - v8Main - INFO -   方法=D, γ=0.1, α=0.5:
2026-07-09 21:25:35,336 - v8Main - INFO -     修正P_c: pos=7.9928, neg=9.5664, p=0.0001
2026-07-09 21:25:35,336 - v8Main - INFO -     能量分解: P_raw=13.6644, P_active=5.6716, P_constraint=7.9928
2026-07-09 21:25:35,336 - v8Main - INFO -     总判决: OPPOSE (0/2)
2026-07-09 21:25:35,378 - v8Main - INFO -   方法=D, γ=0.1, α=1.0:
2026-07-09 21:25:35,378 - v8Main - INFO -     修正P_c: pos=2.3213, neg=3.2972, p=0.0006
2026-07-09 21:25:35,378 - v8Main - INFO -     能量分解: P_raw=13.6644, P_active=11.3431, P_constraint=2.3213
2026-07-09 21:25:35,378 - v8Main - INFO -     总判决: OPPOSE (0/2)
2026-07-09 21:25:35,421 - v8Main - INFO -   方法=D, γ=0.1, α=2.0:
2026-07-09 21:25:35,422 - v8Main - INFO -     修正P_c: pos=-9.0218, neg=-9.2413, p=0.4585
2026-07-09 21:25:35,422 - v8Main - INFO -     能量分解: P_raw=13.6644, P_active=22.6862, P_constraint=-9.0218
2026-07-09 21:25:35,422 - v8Main - INFO -     总判决: OPPOSE (0/2)
2026-07-09 21:25:35,463 - v8Main - INFO -   方法=D, γ=0.1, α=5.0:
2026-07-09 21:25:35,463 - v8Main - INFO -     修正P_c: pos=-43.0511, neg=-46.8566, p=0.0016
2026-07-09 21:25:35,463 - v8Main - INFO -     能量分解: P_raw=13.6644, P_active=56.7155, P_constraint=-43.0511
2026-07-09 21:25:35,463 - v8Main - INFO -     总判决: WEAK_SUPPORT (1/2)
2026-07-09 21:25:35,504 - v8Main - INFO -   方法=D, γ=0.1, α=10.0:
2026-07-09 21:25:35,504 - v8Main - INFO -     修正P_c: pos=-99.7666, neg=-109.5488, p=0.0006
2026-07-09 21:25:35,504 - v8Main - INFO -     能量分解: P_raw=13.6644, P_active=113.4310, P_constraint=-99.7666
2026-07-09 21:25:35,504 - v8Main - INFO -     总判决: WEAK_SUPPORT (1/2)
2026-07-09 21:25:35,504 - v8Main - INFO - 
  最佳配置: method_D_gamma_0.01_alpha_1.0 (修正后pos P_c最接近0)
2026-07-09 21:25:35,504 - v8Main - INFO - [阶段4] 牛顿版本验证（对照）...
2026-07-09 21:25:35,817 - v8Main - INFO -   hamiltonian_conservation: verdict=SUPPORT
2026-07-09 21:25:35,817 - v8Main - INFO -   force_alignment: verdict=OPPOSE
2026-07-09 21:25:35,817 - v8Main - INFO -   potential_barrier: verdict=OPPOSE
2026-07-09 21:25:35,819 - v8Main - INFO - 报告已保存: data\..\outputs\v8_active_force_report.json
2026-07-09 21:25:35,820 - v8Main - INFO - Markdown报告已保存: data\..\outputs\v8_active_force_report.md
2026-07-09 21:26:11,774 - v8Main - INFO - 开始时间: 2026-07-09T21:26:11.774924
2026-07-09 21:26:11,774 - v8Main - INFO - ============================================================
2026-07-09 21:26:11,774 - v8Main - INFO - GUIT-TRT v8.0: 带非保守主动力的拉格朗日系统分析
2026-07-09 21:26:11,774 - v8Main - INFO - ============================================================
2026-07-09 21:26:11,774 - v8Main - INFO - [阶段0] 数据生成与模型训练...
2026-07-09 21:26:12,237 - v8Main - INFO -   训练牛顿版本模型...
2026-07-09 21:26:37,376 - v8Main - INFO - [阶段1] 提取隐状态轨迹...
2026-07-09 21:26:37,468 - v8Main - INFO -   正例轨迹: 40, 负例轨迹: 40
2026-07-09 21:26:37,468 - v8Main - INFO - [阶段2] v7.0对照: 原始约束力做功分析...
2026-07-09 21:26:37,487 - v8Main - INFO -   v7.0 P(t): pos_mean=12.2441, neg_mean=13.9788, verdict=OPPOSE
2026-07-09 21:26:37,487 - v8Main - INFO - [阶段3] v8.0核心: 扣除主动力后的约束力分析...
2026-07-09 21:26:37,552 - v8Main - INFO -   方法=D, γ=0.01, α=0.5:
2026-07-09 21:26:37,553 - v8Main - INFO -     修正P_c: pos=6.6926, neg=7.9195, p=0.0012
2026-07-09 21:26:37,553 - v8Main - INFO -     能量分解: P_raw=12.2441, P_active=5.5515, P_constraint=6.6926
2026-07-09 21:26:37,553 - v8Main - INFO -     总判决: OPPOSE (0/2)
2026-07-09 21:26:37,598 - v8Main - INFO -   方法=D, γ=0.01, α=0.8:
2026-07-09 21:26:37,598 - v8Main - INFO -     修正P_c: pos=3.3617, neg=4.2839, p=0.0025
2026-07-09 21:26:37,598 - v8Main - INFO -     能量分解: P_raw=12.2441, P_active=8.8824, P_constraint=3.3617
2026-07-09 21:26:37,598 - v8Main - INFO -     总判决: OPPOSE (0/2)
2026-07-09 21:26:37,644 - v8Main - INFO -   方法=D, γ=0.01, α=0.9:
2026-07-09 21:26:37,644 - v8Main - INFO -     修正P_c: pos=2.2514, neg=3.0720, p=0.0039
2026-07-09 21:26:37,644 - v8Main - INFO -     能量分解: P_raw=12.2441, P_active=9.9927, P_constraint=2.2514
2026-07-09 21:26:37,644 - v8Main - INFO -     总判决: OPPOSE (0/2)
2026-07-09 21:26:37,694 - v8Main - INFO -   方法=D, γ=0.01, α=0.95:
2026-07-09 21:26:37,694 - v8Main - INFO -     修正P_c: pos=1.6962, neg=2.4661, p=0.0051
2026-07-09 21:26:37,694 - v8Main - INFO -     能量分解: P_raw=12.2441, P_active=10.5478, P_constraint=1.6962
2026-07-09 21:26:37,694 - v8Main - INFO -     总判决: OPPOSE (0/2)
2026-07-09 21:26:37,742 - v8Main - INFO -   方法=D, γ=0.01, α=1.0:
2026-07-09 21:26:37,742 - v8Main - INFO -     修正P_c: pos=1.1411, neg=1.8602, p=0.0069
2026-07-09 21:26:37,742 - v8Main - INFO -     能量分解: P_raw=12.2441, P_active=11.1030, P_constraint=1.1411
2026-07-09 21:26:37,742 - v8Main - INFO -     总判决: OPPOSE (0/2)
2026-07-09 21:26:37,788 - v8Main - INFO -   方法=D, γ=0.01, α=1.05:
2026-07-09 21:26:37,788 - v8Main - INFO -     修正P_c: pos=0.5859, neg=1.2542, p=0.0097
2026-07-09 21:26:37,788 - v8Main - INFO -     能量分解: P_raw=12.2441, P_active=11.6581, P_constraint=0.5859
2026-07-09 21:26:37,788 - v8Main - INFO -     总判决: OPPOSE (0/2)
2026-07-09 21:26:37,834 - v8Main - INFO -   方法=D, γ=0.01, α=1.1:
2026-07-09 21:26:37,834 - v8Main - INFO -     修正P_c: pos=0.0308, neg=0.6483, p=0.0140
2026-07-09 21:26:37,834 - v8Main - INFO -     能量分解: P_raw=12.2441, P_active=12.2133, P_constraint=0.0308
2026-07-09 21:26:37,834 - v8Main - INFO -     总判决: WEAK_SUPPORT (1/2)
2026-07-09 21:26:37,878 - v8Main - INFO -   方法=D, γ=0.01, α=1.2:
2026-07-09 21:26:37,878 - v8Main - INFO -     修正P_c: pos=-1.0795, neg=-0.5636, p=0.0314
2026-07-09 21:26:37,878 - v8Main - INFO -     能量分解: P_raw=12.2441, P_active=13.3236, P_constraint=-1.0795
2026-07-09 21:26:37,878 - v8Main - INFO -     总判决: OPPOSE (0/2)
2026-07-09 21:26:37,924 - v8Main - INFO -   方法=D, γ=0.01, α=1.5:
2026-07-09 21:26:37,924 - v8Main - INFO -     修正P_c: pos=-4.4104, neg=-4.1992, p=0.3625
2026-07-09 21:26:37,924 - v8Main - INFO -     能量分解: P_raw=12.2441, P_active=16.6545, P_constraint=-4.4104
2026-07-09 21:26:37,924 - v8Main - INFO -     总判决: OPPOSE (0/2)
2026-07-09 21:26:37,969 - v8Main - INFO -   方法=D, γ=0.01, α=2.0:
2026-07-09 21:26:37,969 - v8Main - INFO -     修正P_c: pos=-9.9619, neg=-10.2585, p=0.3282
2026-07-09 21:26:37,969 - v8Main - INFO -     能量分解: P_raw=12.2441, P_active=22.2060, P_constraint=-9.9619
2026-07-09 21:26:37,969 - v8Main - INFO -     总判决: WEAK_SUPPORT (1/2)
2026-07-09 21:26:37,969 - v8Main - INFO - 
  最佳配置: method_D_gamma_0.01_alpha_1.1 (修正后pos P_c最接近0)
2026-07-09 21:26:37,969 - v8Main - INFO - [阶段4] 牛顿版本验证（对照）...
2026-07-09 21:26:38,295 - v8Main - INFO -   hamiltonian_conservation: verdict=SUPPORT
2026-07-09 21:26:38,295 - v8Main - INFO -   force_alignment: verdict=OPPOSE
2026-07-09 21:26:38,295 - v8Main - INFO -   potential_barrier: verdict=OPPOSE
2026-07-09 21:26:38,297 - v8Main - INFO - 报告已保存: data\..\outputs\v8_active_force_report.json
2026-07-09 21:26:38,297 - v8Main - INFO - Markdown报告已保存: data\..\outputs\v8_active_force_report.md
2026-07-09 21:27:35,841 - v8Main - INFO - 开始时间: 2026-07-09T21:27:35.841044
2026-07-09 21:27:35,841 - v8Main - INFO - ============================================================
2026-07-09 21:27:35,841 - v8Main - INFO - GUIT-TRT v8.0: 带非保守主动力的拉格朗日系统分析
2026-07-09 21:27:35,841 - v8Main - INFO - ============================================================
2026-07-09 21:27:35,841 - v8Main - INFO - [阶段0] 数据生成与模型训练...
2026-07-09 21:27:36,311 - v8Main - INFO -   训练牛顿版本模型...
2026-07-09 21:28:01,546 - v8Main - INFO - [阶段1] 提取隐状态轨迹...
2026-07-09 21:28:01,631 - v8Main - INFO -   正例轨迹: 40, 负例轨迹: 40
2026-07-09 21:28:01,631 - v8Main - INFO - [阶段2] v7.0对照: 原始约束力做功分析...
2026-07-09 21:28:01,648 - v8Main - INFO -   v7.0 P(t): pos_mean=11.3194, neg_mean=13.0305, verdict=OPPOSE
2026-07-09 21:28:01,648 - v8Main - INFO - [阶段3] v8.0核心: 扣除主动力后的约束力分析...
2026-07-09 21:28:01,709 - v8Main - INFO -   方法=D, γ=0.01, α=0.5:
2026-07-09 21:28:01,709 - v8Main - INFO -     修正P_c: pos=6.0757, neg=7.3029, p=0.0002
2026-07-09 21:28:01,709 - v8Main - INFO -     能量分解: P_raw=11.3194, P_active=5.2437, P_constraint=6.0757
2026-07-09 21:28:01,709 - v8Main - INFO -     总判决: WEAK_SUPPORT (1/2)
2026-07-09 21:28:01,751 - v8Main - INFO -   方法=D, γ=0.01, α=0.8:
2026-07-09 21:28:01,751 - v8Main - INFO -     修正P_c: pos=2.9294, neg=3.8664, p=0.0005
2026-07-09 21:28:01,751 - v8Main - INFO -     能量分解: P_raw=11.3194, P_active=8.3899, P_constraint=2.9294
2026-07-09 21:28:01,751 - v8Main - INFO -     总判决: WEAK_SUPPORT (1/2)
2026-07-09 21:28:01,801 - v8Main - INFO -   方法=D, γ=0.01, α=0.9:
2026-07-09 21:28:01,801 - v8Main - INFO -     修正P_c: pos=1.8807, neg=2.7208, p=0.0009
2026-07-09 21:28:01,801 - v8Main - INFO -     能量分解: P_raw=11.3194, P_active=9.4387, P_constraint=1.8807
2026-07-09 21:28:01,801 - v8Main - INFO -     总判决: WEAK_SUPPORT (1/2)
2026-07-09 21:28:01,842 - v8Main - INFO -   方法=D, γ=0.01, α=0.95:
2026-07-09 21:28:01,842 - v8Main - INFO -     修正P_c: pos=1.3563, neg=2.1481, p=0.0013
2026-07-09 21:28:01,842 - v8Main - INFO -     能量分解: P_raw=11.3194, P_active=9.9631, P_constraint=1.3563
2026-07-09 21:28:01,842 - v8Main - INFO -     总判决: WEAK_SUPPORT (1/2)
2026-07-09 21:28:01,888 - v8Main - INFO -   方法=D, γ=0.01, α=1.0:
2026-07-09 21:28:01,889 - v8Main - INFO -     修正P_c: pos=0.8320, neg=1.5753, p=0.0018
2026-07-09 21:28:01,889 - v8Main - INFO -     能量分解: P_raw=11.3194, P_active=10.4874, P_constraint=0.8320
2026-07-09 21:28:01,889 - v8Main - INFO -     总判决: WEAK_SUPPORT (1/2)
2026-07-09 21:28:01,966 - v8Main - INFO -   方法=D, γ=0.01, α=1.05:
2026-07-09 21:28:01,966 - v8Main - INFO -     修正P_c: pos=0.3076, neg=1.0025, p=0.0028
2026-07-09 21:28:01,966 - v8Main - INFO -     能量分解: P_raw=11.3194, P_active=11.0118, P_constraint=0.3076
2026-07-09 21:28:01,966 - v8Main - INFO -     总判决: WEAK_SUPPORT (1/2)
2026-07-09 21:28:02,023 - v8Main - INFO -   方法=D, γ=0.01, α=1.1:
2026-07-09 21:28:02,023 - v8Main - INFO -     修正P_c: pos=-0.2168, neg=0.4298, p=0.0044
2026-07-09 21:28:02,023 - v8Main - INFO -     能量分解: P_raw=11.3194, P_active=11.5362, P_constraint=-0.2168
2026-07-09 21:28:02,023 - v8Main - INFO -     总判决: WEAK_SUPPORT (1/2)
2026-07-09 21:28:02,073 - v8Main - INFO -   方法=D, γ=0.01, α=1.2:
2026-07-09 21:28:02,073 - v8Main - INFO -     修正P_c: pos=-1.2655, neg=-0.7157, p=0.0122
2026-07-09 21:28:02,073 - v8Main - INFO -     能量分解: P_raw=11.3194, P_active=12.5849, P_constraint=-1.2655
2026-07-09 21:28:02,073 - v8Main - INFO -     总判决: OPPOSE (0/2)
2026-07-09 21:28:02,116 - v8Main - INFO -   方法=D, γ=0.01, α=1.5:
2026-07-09 21:28:02,116 - v8Main - INFO -     修正P_c: pos=-4.4118, neg=-4.1523, p=0.2366
2026-07-09 21:28:02,116 - v8Main - INFO -     能量分解: P_raw=11.3194, P_active=15.7311, P_constraint=-4.4118
2026-07-09 21:28:02,116 - v8Main - INFO -     总判决: OPPOSE (0/2)
2026-07-09 21:28:02,160 - v8Main - INFO -   方法=D, γ=0.01, α=2.0:
2026-07-09 21:28:02,161 - v8Main - INFO -     修正P_c: pos=-9.6555, neg=-9.8799, p=0.4370
2026-07-09 21:28:02,161 - v8Main - INFO -     能量分解: P_raw=11.3194, P_active=20.9749, P_constraint=-9.6555
2026-07-09 21:28:02,161 - v8Main - INFO -     总判决: OPPOSE (0/2)
2026-07-09 21:28:02,161 - v8Main - INFO - 
  最佳配置: method_D_gamma_0.01_alpha_1.1 (修正后pos P_c最接近0)
2026-07-09 21:28:02,161 - v8Main - INFO - [阶段4] 牛顿版本验证（对照）...
2026-07-09 21:28:02,481 - v8Main - INFO -   hamiltonian_conservation: verdict=SUPPORT
2026-07-09 21:28:02,481 - v8Main - INFO -   force_alignment: verdict=OPPOSE
2026-07-09 21:28:02,481 - v8Main - INFO -   potential_barrier: verdict=OPPOSE
2026-07-09 21:28:02,483 - v8Main - INFO - 报告已保存: data\..\outputs\v8_active_force_report.json
2026-07-09 21:28:02,484 - v8Main - INFO - Markdown报告已保存: data\..\outputs\v8_active_force_report.md
