2026-07-09 21:58:52,957 - v8Cross - INFO - 开始时间: 2026-07-09T21:58:52.957601
2026-07-09 21:58:52,957 - v8Cross - INFO - [阶段0] 生成共享数据集...
2026-07-09 21:58:53,324 - v8Cross - INFO - 
============================================================
2026-07-09 21:58:53,324 - v8Cross - INFO - 模型: baseline_2L_128D_32B (L=2, D=128, B=32)
2026-07-09 21:58:53,324 - v8Cross - INFO - ============================================================
2026-07-09 21:58:53,325 - v8Cross - INFO -   训练模型...
2026-07-09 21:59:08,193 - v8Cross - INFO -   参数量: 416349
2026-07-09 21:59:08,265 - v8Cross - INFO -   轨迹: pos=30, neg=30
2026-07-09 21:59:08,265 - v8Cross - INFO -   估计α*...
2026-07-09 21:59:08,269 - v8Cross - INFO -   α* = 0.3579 ± 0.0301
2026-07-09 21:59:08,269 - v8Cross - INFO -   v8.0验证 (α=α*)...
2026-07-09 21:59:08,281 - v8Cross - INFO -     pos_Pc=0.0058, neg_Pc=0.1319, verdict=WEAK_SUPPORT
2026-07-09 21:59:08,281 - v8Cross - INFO -   提取约束子空间...
2026-07-09 21:59:08,287 - v8Cross - INFO -     F_c有效秩: 12/32 (压缩比=0.375)
2026-07-09 21:59:08,287 - v8Cross - INFO -     F_c⊥ḣ: 0.0058
2026-07-09 21:59:08,287 - v8Cross - INFO -     速度有效秩: 12
2026-07-09 21:59:08,287 - v8Cross - INFO -     F_c/vel范数比: 0.7697
2026-07-09 21:59:08,287 - v8Cross - INFO - 
============================================================
2026-07-09 21:59:08,287 - v8Cross - INFO - 模型: deep_4L_128D_32B (L=4, D=128, B=32)
2026-07-09 21:59:08,287 - v8Cross - INFO - ============================================================
2026-07-09 21:59:08,287 - v8Cross - INFO -   训练模型...
2026-07-09 21:59:22,254 - v8Cross - INFO -   参数量: 812893
2026-07-09 21:59:22,354 - v8Cross - INFO -   轨迹: pos=30, neg=30
2026-07-09 21:59:22,354 - v8Cross - INFO -   估计α*...
2026-07-09 21:59:22,357 - v8Cross - INFO -   α* = 0.2571 ± 0.0177
2026-07-09 21:59:22,357 - v8Cross - INFO -   v8.0验证 (α=α*)...
2026-07-09 21:59:22,369 - v8Cross - INFO -     pos_Pc=0.0001, neg_Pc=0.0000, verdict=WEAK_SUPPORT
2026-07-09 21:59:22,369 - v8Cross - INFO -   提取约束子空间...
2026-07-09 21:59:22,375 - v8Cross - INFO -     F_c有效秩: 13/32 (压缩比=0.406)
2026-07-09 21:59:22,375 - v8Cross - INFO -     F_c⊥ḣ: 0.0001
2026-07-09 21:59:22,375 - v8Cross - INFO -     速度有效秩: 12
2026-07-09 21:59:22,375 - v8Cross - INFO -     F_c/vel范数比: 0.7018
2026-07-09 21:59:22,375 - v8Cross - INFO - 
============================================================
2026-07-09 21:59:22,375 - v8Cross - INFO - 模型: shallow_1L_128D_32B (L=1, D=128, B=32)
2026-07-09 21:59:22,375 - v8Cross - INFO - ============================================================
2026-07-09 21:59:22,376 - v8Cross - INFO -   训练模型...
2026-07-09 21:59:34,241 - v8Cross - INFO -   参数量: 218077
2026-07-09 21:59:34,292 - v8Cross - INFO -   轨迹: pos=30, neg=30
2026-07-09 21:59:34,292 - v8Cross - INFO -   估计α*...
2026-07-09 21:59:34,294 - v8Cross - INFO -   α* = 0.3907 ± 0.0326
2026-07-09 21:59:34,295 - v8Cross - INFO -   v8.0验证 (α=α*)...
2026-07-09 21:59:34,307 - v8Cross - INFO -     pos_Pc=0.0026, neg_Pc=0.0535, verdict=WEAK_SUPPORT
2026-07-09 21:59:34,307 - v8Cross - INFO -   提取约束子空间...
2026-07-09 21:59:34,311 - v8Cross - INFO -     F_c有效秩: 14/32 (压缩比=0.438)
2026-07-09 21:59:34,313 - v8Cross - INFO -     F_c⊥ḣ: 0.0026
2026-07-09 21:59:34,313 - v8Cross - INFO -     速度有效秩: 14
2026-07-09 21:59:34,313 - v8Cross - INFO -     F_c/vel范数比: 0.7734
2026-07-09 21:59:34,313 - v8Cross - INFO - 
============================================================
2026-07-09 21:59:34,313 - v8Cross - INFO - 模型: wide_2L_256D_64B (L=2, D=256, B=64)
2026-07-09 21:59:34,313 - v8Cross - INFO - ============================================================
2026-07-09 21:59:34,313 - v8Cross - INFO -   训练模型...
2026-07-09 21:59:47,501 - v8Cross - INFO -   参数量: 1627261
2026-07-09 21:59:47,581 - v8Cross - INFO -   轨迹: pos=30, neg=30
2026-07-09 21:59:47,581 - v8Cross - INFO -   估计α*...
2026-07-09 21:59:47,583 - v8Cross - INFO -   α* = 0.2893 ± 0.0144
2026-07-09 21:59:47,583 - v8Cross - INFO -   v8.0验证 (α=α*)...
2026-07-09 21:59:47,596 - v8Cross - INFO -     pos_Pc=0.0001, neg_Pc=0.0004, verdict=WEAK_SUPPORT
2026-07-09 21:59:47,597 - v8Cross - INFO -   提取约束子空间...
2026-07-09 21:59:47,614 - v8Cross - INFO -     F_c有效秩: 18/64 (压缩比=0.281)
2026-07-09 21:59:47,615 - v8Cross - INFO -     F_c⊥ḣ: 0.0001
2026-07-09 21:59:47,615 - v8Cross - INFO -     速度有效秩: 17
2026-07-09 21:59:47,615 - v8Cross - INFO -     F_c/vel范数比: 0.7098
2026-07-09 21:59:47,615 - v8Cross - INFO - 
============================================================
2026-07-09 21:59:47,615 - v8Cross - INFO - 模型: narrow_2L_64D_16B (L=2, D=64, B=16)
2026-07-09 21:59:47,615 - v8Cross - INFO - ============================================================
2026-07-09 21:59:47,615 - v8Cross - INFO -   训练模型...
2026-07-09 22:00:01,962 - v8Cross - INFO -   参数量: 108877
2026-07-09 22:00:02,033 - v8Cross - INFO -   轨迹: pos=30, neg=30
2026-07-09 22:00:02,033 - v8Cross - INFO -   估计α*...
2026-07-09 22:00:02,035 - v8Cross - INFO -   α* = 0.3556 ± 0.0198
2026-07-09 22:00:02,035 - v8Cross - INFO -   v8.0验证 (α=α*)...
2026-07-09 22:00:02,047 - v8Cross - INFO -     pos_Pc=0.0007, neg_Pc=0.0080, verdict=WEAK_SUPPORT
2026-07-09 22:00:02,047 - v8Cross - INFO -   提取约束子空间...
2026-07-09 22:00:02,049 - v8Cross - INFO -     F_c有效秩: 10/16 (压缩比=0.625)
2026-07-09 22:00:02,049 - v8Cross - INFO -     F_c⊥ḣ: 0.0007
2026-07-09 22:00:02,049 - v8Cross - INFO -     速度有效秩: 10
2026-07-09 22:00:02,049 - v8Cross - INFO -     F_c/vel范数比: 0.7596
2026-07-09 22:00:02,049 - v8Cross - INFO - 
============================================================
2026-07-09 22:00:02,049 - v8Cross - INFO - 跨模型对比汇总
2026-07-09 22:00:02,049 - v8Cross - INFO - ============================================================
2026-07-09 22:00:02,049 - v8Cross - INFO - 模型                                  参数量       α*    α*std   pos_Pc   neg_Pc           判决   F_c秩      压缩比
2026-07-09 22:00:02,049 - v8Cross - INFO - --------------------------------------------------------------------------------------------------------------
2026-07-09 22:00:02,049 - v8Cross - INFO - baseline_2L_128D_32B             416349 0.35792445092697506 0.03009604208321304 0.00577837795128788 0.13187722813707775 WEAK_SUPPORT     12    0.375
2026-07-09 22:00:02,049 - v8Cross - INFO - deep_4L_128D_32B                 812893 0.2570754104670486 0.017671495204015814 0.00010922571582835496 1.3146569970950719e-06 WEAK_SUPPORT     13  0.40625
2026-07-09 22:00:02,049 - v8Cross - INFO - shallow_1L_128D_32B              218077 0.3907320859815851 0.032599681391337273 0.002609529175866699 0.05349766861616874 WEAK_SUPPORT     14   0.4375
2026-07-09 22:00:02,049 - v8Cross - INFO - wide_2L_256D_64B                1627261 0.28929999531471107 0.01438228921382395 0.00011449807940719934 0.0003749501305406927 WEAK_SUPPORT     18  0.28125
2026-07-09 22:00:02,049 - v8Cross - INFO - narrow_2L_64D_16B                108877 0.35564256818483103 0.019764466429716472 0.0007375606832234249 0.008041409857734789 WEAK_SUPPORT     10    0.625
2026-07-09 22:00:02,051 - v8Cross - INFO - 报告已保存: data\..\outputs\v8_cross_model_report.json
2026-07-09 22:00:37,120 - v8Cross - INFO - 开始时间: 2026-07-09T22:00:37.120986
2026-07-09 22:00:37,122 - v8Cross - INFO - [阶段0] 生成共享数据集...
2026-07-09 22:00:37,505 - v8Cross - INFO - 
============================================================
2026-07-09 22:00:37,505 - v8Cross - INFO - 模型: baseline_2L_128D_32B (L=2, D=128, B=32)
2026-07-09 22:00:37,505 - v8Cross - INFO - ============================================================
2026-07-09 22:00:37,505 - v8Cross - INFO -   训练模型...
2026-07-09 22:00:52,568 - v8Cross - INFO -   参数量: 416349
2026-07-09 22:00:52,640 - v8Cross - INFO -   轨迹: pos=30, neg=30
2026-07-09 22:00:52,641 - v8Cross - INFO -   估计α*...
2026-07-09 22:00:52,643 - v8Cross - INFO -   α* = 0.3250 ± 0.0272
2026-07-09 22:00:52,643 - v8Cross - INFO -   v8.0验证 (α=α*)...
2026-07-09 22:00:52,656 - v8Cross - INFO -     pos_Pc=0.0046, neg_Pc=0.1111, verdict=WEAK_SUPPORT
2026-07-09 22:00:52,656 - v8Cross - INFO -   提取约束子空间...
2026-07-09 22:00:52,662 - v8Cross - INFO -     F_c有效秩: 12/32 (压缩比=0.375)
2026-07-09 22:00:52,662 - v8Cross - INFO -     F_c⊥ḣ: 0.0046
2026-07-09 22:00:52,662 - v8Cross - INFO -     速度有效秩: 12
2026-07-09 22:00:52,662 - v8Cross - INFO -     F_c/vel范数比: 0.7569
2026-07-09 22:00:52,662 - v8Cross - INFO - 
============================================================
2026-07-09 22:00:52,663 - v8Cross - INFO - 模型: deep_4L_128D_32B (L=4, D=128, B=32)
2026-07-09 22:00:52,663 - v8Cross - INFO - ============================================================
2026-07-09 22:00:52,663 - v8Cross - INFO -   训练模型...
2026-07-09 22:01:06,699 - v8Cross - INFO -   参数量: 812893
2026-07-09 22:01:06,822 - v8Cross - INFO -   轨迹: pos=30, neg=30
2026-07-09 22:01:06,822 - v8Cross - INFO -   估计α*...
2026-07-09 22:01:06,824 - v8Cross - INFO -   α* = 0.2834 ± 0.0167
2026-07-09 22:01:06,825 - v8Cross - INFO -   v8.0验证 (α=α*)...
2026-07-09 22:01:06,838 - v8Cross - INFO -     pos_Pc=0.0002, neg_Pc=0.0001, verdict=WEAK_SUPPORT
2026-07-09 22:01:06,838 - v8Cross - INFO -   提取约束子空间...
2026-07-09 22:01:06,843 - v8Cross - INFO -     F_c有效秩: 13/32 (压缩比=0.406)
2026-07-09 22:01:06,843 - v8Cross - INFO -     F_c⊥ḣ: 0.0002
2026-07-09 22:01:06,843 - v8Cross - INFO -     速度有效秩: 13
2026-07-09 22:01:06,843 - v8Cross - INFO -     F_c/vel范数比: 0.7196
2026-07-09 22:01:06,843 - v8Cross - INFO - 
============================================================
2026-07-09 22:01:06,843 - v8Cross - INFO - 模型: shallow_1L_128D_32B (L=1, D=128, B=32)
2026-07-09 22:01:06,843 - v8Cross - INFO - ============================================================
2026-07-09 22:01:06,844 - v8Cross - INFO -   训练模型...
2026-07-09 22:01:18,797 - v8Cross - INFO -   参数量: 218077
2026-07-09 22:01:18,853 - v8Cross - INFO -   轨迹: pos=30, neg=30
2026-07-09 22:01:18,853 - v8Cross - INFO -   估计α*...
2026-07-09 22:01:18,855 - v8Cross - INFO -   α* = 0.3972 ± 0.0338
2026-07-09 22:01:18,855 - v8Cross - INFO -   v8.0验证 (α=α*)...
2026-07-09 22:01:18,868 - v8Cross - INFO -     pos_Pc=0.0029, neg_Pc=0.0573, verdict=WEAK_SUPPORT
2026-07-09 22:01:18,868 - v8Cross - INFO -   提取约束子空间...
2026-07-09 22:01:18,872 - v8Cross - INFO -     F_c有效秩: 14/32 (压缩比=0.438)
2026-07-09 22:01:18,872 - v8Cross - INFO -     F_c⊥ḣ: 0.0029
2026-07-09 22:01:18,872 - v8Cross - INFO -     速度有效秩: 14
2026-07-09 22:01:18,872 - v8Cross - INFO -     F_c/vel范数比: 0.7776
2026-07-09 22:01:18,872 - v8Cross - INFO - 
============================================================
2026-07-09 22:01:18,872 - v8Cross - INFO - 模型: wide_2L_256D_64B (L=2, D=256, B=64)
2026-07-09 22:01:18,872 - v8Cross - INFO - ============================================================
2026-07-09 22:01:18,873 - v8Cross - INFO -   训练模型...
2026-07-09 22:01:31,938 - v8Cross - INFO -   参数量: 1627261
2026-07-09 22:01:32,007 - v8Cross - INFO -   轨迹: pos=30, neg=30
2026-07-09 22:01:32,007 - v8Cross - INFO -   估计α*...
2026-07-09 22:01:32,009 - v8Cross - INFO -   α* = 0.3105 ± 0.0089
2026-07-09 22:01:32,009 - v8Cross - INFO -   v8.0验证 (α=α*)...
2026-07-09 22:01:32,020 - v8Cross - INFO -     pos_Pc=0.0001, neg_Pc=0.0005, verdict=WEAK_SUPPORT
2026-07-09 22:01:32,020 - v8Cross - INFO -   提取约束子空间...
2026-07-09 22:01:32,038 - v8Cross - INFO -     F_c有效秩: 18/64 (压缩比=0.281)
2026-07-09 22:01:32,038 - v8Cross - INFO -     F_c⊥ḣ: 0.0001
2026-07-09 22:01:32,038 - v8Cross - INFO -     速度有效秩: 17
2026-07-09 22:01:32,038 - v8Cross - INFO -     F_c/vel范数比: 0.7207
2026-07-09 22:01:32,038 - v8Cross - INFO - 
============================================================
2026-07-09 22:01:32,038 - v8Cross - INFO - 模型: narrow_2L_64D_16B (L=2, D=64, B=16)
2026-07-09 22:01:32,038 - v8Cross - INFO - ============================================================
2026-07-09 22:01:32,038 - v8Cross - INFO -   训练模型...
2026-07-09 22:01:44,748 - v8Cross - INFO -   参数量: 108877
2026-07-09 22:01:44,817 - v8Cross - INFO -   轨迹: pos=30, neg=30
2026-07-09 22:01:44,817 - v8Cross - INFO -   估计α*...
2026-07-09 22:01:44,821 - v8Cross - INFO -   α* = 0.3516 ± 0.0188
2026-07-09 22:01:44,821 - v8Cross - INFO -   v8.0验证 (α=α*)...
2026-07-09 22:01:44,833 - v8Cross - INFO -     pos_Pc=0.0007, neg_Pc=0.0075, verdict=WEAK_SUPPORT
2026-07-09 22:01:44,833 - v8Cross - INFO -   提取约束子空间...
2026-07-09 22:01:44,835 - v8Cross - INFO -     F_c有效秩: 9/16 (压缩比=0.562)
2026-07-09 22:01:44,835 - v8Cross - INFO -     F_c⊥ḣ: 0.0007
2026-07-09 22:01:44,835 - v8Cross - INFO -     速度有效秩: 10
2026-07-09 22:01:44,835 - v8Cross - INFO -     F_c/vel范数比: 0.7565
2026-07-09 22:01:44,835 - v8Cross - INFO - 
============================================================
2026-07-09 22:01:44,835 - v8Cross - INFO - 跨模型对比汇总
2026-07-09 22:01:44,835 - v8Cross - INFO - ============================================================
2026-07-09 22:01:44,835 - v8Cross - INFO - 模型                                  参数量       α*    α*std   pos_Pc   neg_Pc           判决   F_c秩      压缩比
2026-07-09 22:01:44,835 - v8Cross - INFO - --------------------------------------------------------------------------------------------------------------
2026-07-09 22:01:44,835 - v8Cross - INFO - baseline_2L_128D_32B             416349 0.32501288657588473 0.02721837411605055 0.004646688038579648 0.11111344219284516 WEAK_SUPPORT     12    0.375
2026-07-09 22:01:44,835 - v8Cross - INFO - deep_4L_128D_32B                 812893 0.28341171739395027 0.016709712063582304 0.00018424499872522212 8.253081193510481e-05 WEAK_SUPPORT     13  0.40625
2026-07-09 22:01:44,836 - v8Cross - INFO - shallow_1L_128D_32B              218077 0.39721255037513103 0.033801383001055355 0.0029426532761973327 0.05734058190772429 WEAK_SUPPORT     14   0.4375
2026-07-09 22:01:44,836 - v8Cross - INFO - wide_2L_256D_64B                1627261 0.310515200282574 0.0089476859957645 6.676076866190412e-05 0.0005288184219716393 WEAK_SUPPORT     18  0.28125
2026-07-09 22:01:44,836 - v8Cross - INFO - narrow_2L_64D_16B                108877 0.35158693105248795 0.018801230081288305 0.0007161938799647578 0.007483293725176692 WEAK_SUPPORT      9   0.5625
2026-07-09 22:01:44,837 - v8Cross - INFO - 报告已保存: data\..\outputs\v8_cross_model_report.json
2026-07-09 22:01:44,837 - v8Cross - INFO - Markdown报告已保存: data\..\outputs\v8_cross_model_report.md
