2026-07-09 21:40:05,956 - v8Deep - INFO - 开始时间: 2026-07-09T21:40:05.955762
2026-07-09 21:40:05,956 - v8Deep - INFO - [阶段0] 数据生成与模型训练...
2026-07-09 21:40:31,615 - v8Deep - INFO - [阶段1] 提取隐状态轨迹+残差...
2026-07-09 21:40:31,705 - v8Deep - INFO -   正例: 40 轨迹, 40 残差
2026-07-09 21:40:31,705 - v8Deep - INFO -   负例: 40 轨迹, 40 残差
2026-07-09 21:40:31,705 - v8Deep - INFO - [阶段2] 任务3.1: Proxy B vs Proxy D...
2026-07-09 21:40:31,706 - v8Deep - INFO - ============================================================
2026-07-09 21:40:31,706 - v8Deep - INFO - 任务3.1: Proxy B(残差和) vs Proxy D(α·ḣ) 对比验证
2026-07-09 21:40:31,706 - v8Deep - INFO - ============================================================
2026-07-09 21:41:07,366 - v8Deep - INFO - 开始时间: 2026-07-09T21:41:07.366164
2026-07-09 21:41:07,366 - v8Deep - INFO - [阶段0] 数据生成与模型训练...
2026-07-09 21:41:32,192 - v8Deep - INFO - [阶段1] 提取隐状态轨迹+残差...
2026-07-09 21:41:32,278 - v8Deep - INFO -   正例: 40 轨迹, 40 残差
2026-07-09 21:41:32,279 - v8Deep - INFO -   负例: 40 轨迹, 40 残差
2026-07-09 21:41:32,279 - v8Deep - INFO - [阶段2] 任务3.1: Proxy B vs Proxy D...
2026-07-09 21:41:32,279 - v8Deep - INFO - ============================================================
2026-07-09 21:41:32,279 - v8Deep - INFO - 任务3.1: Proxy B(残差和) vs Proxy D(α·ḣ) 对比验证
2026-07-09 21:41:32,279 - v8Deep - INFO - ============================================================
2026-07-09 21:41:32,558 - v8Deep - INFO -   Pearson相关: pos=-0.4374(p=0.00e+00), neg=-0.4524(p=0.00e+00)
2026-07-09 21:41:32,558 - v8Deep - INFO -   余弦相似度: pos=-0.3798, neg=-0.3781
2026-07-09 21:41:32,558 - v8Deep - INFO -   α估计(均值比): pos=-48.7319, neg=-49.6577
2026-07-09 21:41:32,558 - v8Deep - INFO -   范数比(res/vel): pos=1.0832
2026-07-09 21:41:32,558 - v8Deep - INFO - [阶段3] 任务3.2: α*物理来源分析...
2026-07-09 21:41:32,558 - v8Deep - INFO - ============================================================
2026-07-09 21:41:32,558 - v8Deep - INFO - 任务3.2: α*≈1.1的物理来源分析
2026-07-09 21:41:32,558 - v8Deep - INFO - ============================================================
2026-07-09 21:42:06,342 - v8Deep - INFO - 开始时间: 2026-07-09T21:42:06.341722
2026-07-09 21:42:06,342 - v8Deep - INFO - [阶段0] 数据生成与模型训练...
2026-07-09 21:42:31,524 - v8Deep - INFO - [阶段1] 提取隐状态轨迹+残差...
2026-07-09 21:42:31,620 - v8Deep - INFO -   正例: 40 轨迹, 40 残差
2026-07-09 21:42:31,620 - v8Deep - INFO -   负例: 40 轨迹, 40 残差
2026-07-09 21:42:31,620 - v8Deep - INFO - [阶段2] 任务3.1: Proxy B vs Proxy D...
2026-07-09 21:42:31,620 - v8Deep - INFO - ============================================================
2026-07-09 21:42:31,620 - v8Deep - INFO - 任务3.1: Proxy B(残差和) vs Proxy D(α·ḣ) 对比验证
2026-07-09 21:42:31,620 - v8Deep - INFO - ============================================================
2026-07-09 21:42:31,902 - v8Deep - INFO -   Pearson相关: pos=-0.3886(p=0.00e+00), neg=-0.4106(p=0.00e+00)
2026-07-09 21:42:31,903 - v8Deep - INFO -   余弦相似度: pos=-0.3694, neg=-0.3715
2026-07-09 21:42:31,903 - v8Deep - INFO -   α估计(均值比): pos=-56.1835, neg=-65.7182
2026-07-09 21:42:31,903 - v8Deep - INFO -   范数比(res/vel): pos=1.1943
2026-07-09 21:42:31,903 - v8Deep - INFO - [阶段3] 任务3.2: α*物理来源分析...
2026-07-09 21:42:31,903 - v8Deep - INFO - ============================================================
2026-07-09 21:42:31,903 - v8Deep - INFO - 任务3.2: α*≈1.1的物理来源分析
2026-07-09 21:42:31,903 - v8Deep - INFO - ============================================================
2026-07-09 21:42:31,913 - v8Deep - INFO -   架构: d_model=128, base_dim=32, n_layers=2
2026-07-09 21:42:31,913 - v8Deep - INFO -   投影矩阵: ‖W‖_F=3.3308, σ_max=0.9902, cond=3.1595
2026-07-09 21:42:31,957 - v8Deep - INFO -   速度均值范数: pos=0.0787, neg=0.0843
2026-07-09 21:42:31,957 - v8Deep - INFO -   速度协方差迹: pos=10.3242
2026-07-09 21:42:31,978 - v8Deep - INFO -   α局部估计: mean=1.1548, std=0.0804
2026-07-09 21:42:31,978 - v8Deep - INFO - [阶段4] 任务3.3: 负阻尼验证...
2026-07-09 21:42:31,978 - v8Deep - INFO - ============================================================
2026-07-09 21:42:31,978 - v8Deep - INFO - 任务3.3: 负阻尼验证——隐状态范数随时间步演化
2026-07-09 21:42:31,978 - v8Deep - INFO - ============================================================
2026-07-09 21:42:52,796 - v8Deep - INFO - 开始时间: 2026-07-09T21:42:52.796263
2026-07-09 21:42:52,796 - v8Deep - INFO - [阶段0] 数据生成与模型训练...
2026-07-09 21:43:17,968 - v8Deep - INFO - [阶段1] 提取隐状态轨迹+残差...
2026-07-09 21:43:18,055 - v8Deep - INFO -   正例: 40 轨迹, 40 残差
2026-07-09 21:43:18,055 - v8Deep - INFO -   负例: 40 轨迹, 40 残差
2026-07-09 21:43:18,055 - v8Deep - INFO - [阶段2] 任务3.1: Proxy B vs Proxy D...
2026-07-09 21:43:18,055 - v8Deep - INFO - ============================================================
2026-07-09 21:43:18,055 - v8Deep - INFO - 任务3.1: Proxy B(残差和) vs Proxy D(α·ḣ) 对比验证
2026-07-09 21:43:18,055 - v8Deep - INFO - ============================================================
2026-07-09 21:43:18,347 - v8Deep - INFO -   Pearson相关: pos=-0.4205(p=0.00e+00), neg=-0.4314(p=0.00e+00)
2026-07-09 21:43:18,347 - v8Deep - INFO -   余弦相似度: pos=-0.3752, neg=-0.3700
2026-07-09 21:43:18,347 - v8Deep - INFO -   α估计(均值比): pos=-54.2765, neg=-55.4726
2026-07-09 21:43:18,347 - v8Deep - INFO -   范数比(res/vel): pos=1.1229
2026-07-09 21:43:18,347 - v8Deep - INFO - [阶段3] 任务3.2: α*物理来源分析...
2026-07-09 21:43:18,347 - v8Deep - INFO - ============================================================
2026-07-09 21:43:18,347 - v8Deep - INFO - 任务3.2: α*≈1.1的物理来源分析
2026-07-09 21:43:18,347 - v8Deep - INFO - ============================================================
2026-07-09 21:43:18,349 - v8Deep - INFO -   架构: d_model=128, base_dim=32, n_layers=2
2026-07-09 21:43:18,349 - v8Deep - INFO -   投影矩阵: ‖W‖_F=3.3267, σ_max=0.9822, cond=3.1420
2026-07-09 21:43:18,418 - v8Deep - INFO -   速度均值范数: pos=0.0741, neg=0.0836
2026-07-09 21:43:18,418 - v8Deep - INFO -   速度协方差迹: pos=12.3751
2026-07-09 21:43:18,443 - v8Deep - INFO -   α局部估计: mean=1.1697, std=0.0641
2026-07-09 21:43:18,443 - v8Deep - INFO - [阶段4] 任务3.3: 负阻尼验证...
2026-07-09 21:43:18,444 - v8Deep - INFO - ============================================================
2026-07-09 21:43:18,444 - v8Deep - INFO - 任务3.3: 负阻尼验证——隐状态范数随时间步演化
2026-07-09 21:43:18,444 - v8Deep - INFO - ============================================================
2026-07-09 21:43:18,473 - v8Deep - INFO -   隐状态范数: pos 3.9610→3.8003 (增长率-0.0406), neg 3.9653→3.8019 (增长率-0.0412)
2026-07-09 21:43:18,473 - v8Deep - INFO -   速度范数: pos=3.3104, neg=3.3739
2026-07-09 21:43:18,473 - v8Deep - INFO -   加速度范数: pos=4.9447, neg=5.0462
2026-07-09 21:43:18,473 - v8Deep - INFO -   自加速判定: 否 (增长率=-0.0406)
2026-07-09 21:43:18,473 - v8Deep - INFO - [阶段5] v8.0 Proxy D 对照验证...
2026-07-09 21:43:18,535 - v8Deep - INFO -   v8.0 α=1.1: pos_Pc=0.3692, neg_Pc=1.0949, verdict=WEAK_SUPPORT
2026-07-09 21:43:18,536 - v8Deep - INFO - 报告已保存: data\..\outputs\v8_deep_analysis_report.json
2026-07-09 21:43:18,537 - v8Deep - INFO - Markdown报告已保存: data\..\outputs\v8_deep_analysis_report.md
