2026-07-09 22:16:50,599 - v9ConstraintEq - INFO - 开始时间: 2026-07-09T22:16:50.599688
2026-07-09 22:16:50,599 - v9ConstraintEq - INFO - [阶段0] 生成共享数据集...
2026-07-09 22:16:50,981 - v9ConstraintEq - INFO - 
============================================================
2026-07-09 22:16:50,981 - v9ConstraintEq - INFO - 模型: baseline_2L (L=2, D=128, B=32)
2026-07-09 22:16:50,981 - v9ConstraintEq - INFO - ============================================================
2026-07-09 22:16:50,981 - v9ConstraintEq - INFO -   训练模型...
2026-07-09 22:17:05,657 - v9ConstraintEq - INFO -   轨迹: pos=30, neg=30
2026-07-09 22:17:05,660 - v9ConstraintEq - INFO -   α* = 0.3215
2026-07-09 22:17:05,660 - v9ConstraintEq - INFO -   提取约束方程...
2026-07-09 22:17:05,730 - v9ConstraintEq - INFO -     总维度: 32
2026-07-09 22:17:05,731 - v9ConstraintEq - INFO -     速度有效秩: 12
2026-07-09 22:17:05,731 - v9ConstraintEq - INFO -     约束方程数: 20
2026-07-09 22:17:05,731 - v9ConstraintEq - INFO -     pos约束违反(RMS): C0=0.0942, C1=0.0829, C2=0.0647, C3=0.0574, C4=0.0556
2026-07-09 22:17:05,731 - v9ConstraintEq - INFO -     neg约束违反(RMS): C0=0.0973, C1=0.0842, C2=0.0694, C3=0.0575, C4=0.0562
2026-07-09 22:17:05,731 - v9ConstraintEq - INFO -     线性参数化R²: C0=0.9193, C1=0.9655, C2=0.7873, C3=0.8668, C4=0.8561
2026-07-09 22:17:05,731 - v9ConstraintEq - INFO -     非完整判别: C0=完整(CV=0.094), C1=完整(CV=0.088), C2=非完整(CV=0.206)
2026-07-09 22:17:05,731 - v9ConstraintEq - INFO -     pos违反<neg违反: 10/10
2026-07-09 22:17:05,731 - v9ConstraintEq - INFO - 
============================================================
2026-07-09 22:17:05,731 - v9ConstraintEq - INFO - 模型: narrow_2L (L=2, D=64, B=16)
2026-07-09 22:17:05,731 - v9ConstraintEq - INFO - ============================================================
2026-07-09 22:17:05,731 - v9ConstraintEq - INFO -   训练模型...
2026-07-09 22:17:18,455 - v9ConstraintEq - INFO -   轨迹: pos=30, neg=30
2026-07-09 22:17:18,457 - v9ConstraintEq - INFO -   α* = 0.3824
2026-07-09 22:17:18,457 - v9ConstraintEq - INFO -   提取约束方程...
2026-07-09 22:17:18,508 - v9ConstraintEq - INFO -     总维度: 16
2026-07-09 22:17:18,508 - v9ConstraintEq - INFO -     速度有效秩: 6
2026-07-09 22:17:18,508 - v9ConstraintEq - INFO -     约束方程数: 10
2026-07-09 22:17:18,508 - v9ConstraintEq - INFO -     pos约束违反(RMS): C0=0.0935, C1=0.0840, C2=0.0691, C3=0.0589, C4=0.0557
2026-07-09 22:17:18,508 - v9ConstraintEq - INFO -     neg约束违反(RMS): C0=0.0952, C1=0.0853, C2=0.0763, C3=0.0602, C4=0.0579
2026-07-09 22:17:18,508 - v9ConstraintEq - INFO -     线性参数化R²: C0=0.6990, C1=0.6697, C2=0.4824, C3=0.7138, C4=0.7009
2026-07-09 22:17:18,508 - v9ConstraintEq - INFO -     非完整判别: C0=非完整(CV=0.288), C1=非完整(CV=0.166), C2=非完整(CV=0.155)
2026-07-09 22:17:18,508 - v9ConstraintEq - INFO -     pos违反<neg违反: 10/10
2026-07-09 22:17:18,508 - v9ConstraintEq - INFO - 
============================================================
2026-07-09 22:17:18,508 - v9ConstraintEq - INFO - 跨模型法向量稳定性检验
2026-07-09 22:17:18,508 - v9ConstraintEq - INFO - ============================================================
2026-07-09 22:17:18,508 - v9ConstraintEq - INFO -   baseline_2L vs narrow_2L: 维度不同(32 vs 16), 跳过
2026-07-09 22:17:18,511 - v9ConstraintEq - INFO - 报告已保存: data\..\outputs\v9_constraint_equation_report.json
2026-07-09 22:17:18,511 - v9ConstraintEq - INFO - Markdown报告已保存: data\..\outputs\v9_constraint_equation_report.md
