2026-07-09 19:49:31,233 - exp10b - INFO - ======================================================================
2026-07-09 19:49:31,234 - exp10b - INFO - exp10b: 定理二专项验证 — τ/κ 共形不变性
2026-07-09 19:49:31,234 - exp10b - INFO - 设备: cuda, 时间: 2026-07-09 19:49:31
2026-07-09 19:49:31,234 - exp10b - INFO - 叙事: 最小代价争取第一个定理级 SUPPORT
2026-07-09 19:49:31,234 - exp10b - INFO - ======================================================================
2026-07-09 19:49:31,238 - exp10b - INFO - d_model=128, base_dim=32
2026-07-09 19:49:31,239 - exp10b - INFO - 
--- 创建 128D 模型 ---
2026-07-09 19:49:31,376 - exp10b - INFO - 模型: 3,484,032 参数, 128D MVE, max_seq=256
2026-07-09 19:49:31,376 - exp10b - INFO - 
--- 生成数据 (60个故事) ---
2026-07-09 19:49:31,425 - exp10b - INFO - train=96, val=12, test=12
2026-07-09 19:49:31,425 - exp10b - INFO - 
--- 训练模型 ---
2026-07-09 19:49:31,425 - exp10b - INFO - [训练] 128D_exp10b: 3 epochs, train=96, val=12
2026-07-09 19:51:38,268 - exp10b - INFO - 
--- 生成故事三变体 (20个正例故事) ---
2026-07-09 19:51:38,268 - exp10b - INFO -   正例测试故事: 6个, 取前20个
2026-07-09 19:51:38,270 - exp10b - INFO -   原版: 6个
2026-07-09 19:51:38,270 - exp10b - INFO -   句子打乱: 6个
2026-07-09 19:51:38,270 - exp10b - INFO -   段落打乱: 6个
2026-07-09 19:51:38,270 - exp10b - INFO - 
--- 定理二核心验证 ---
2026-07-09 19:51:38,270 - exp10b - INFO - 
============================================================
2026-07-09 19:51:38,270 - exp10b - INFO - 定理二专项验证: τ/κ 共形不变性 (三变体配对检验)
2026-07-09 19:51:38,270 - exp10b - INFO - ============================================================
2026-07-09 19:51:41,794 - exp10b - INFO -   CV(原版)  = 0.5966  (mean=10.1109)
2026-07-09 19:51:41,794 - exp10b - INFO -   CV(句子)  = 0.5959  (mean=10.1128)
2026-07-09 19:51:41,794 - exp10b - INFO -   CV(段落)  = 0.5948  (mean=10.1136)
2026-07-09 19:51:46,908 - exp10b - INFO -   配对样本数: 6
2026-07-09 19:51:46,909 - exp10b - INFO -   配对 t (原版 vs 句子): t=0.417, p=0.3471 
2026-07-09 19:51:46,909 - exp10b - INFO -   配对 t (原版 vs 段落): t=0.893, p=0.2064 
2026-07-09 19:51:46,909 - exp10b - INFO -   配对 t (句子 vs 段落): t=-0.130, p=0.4509 
2026-07-09 19:51:46,909 - exp10b - INFO -   Cohen's d (原版→句子): 0.017
2026-07-09 19:51:46,910 - exp10b - INFO -   Cohen's d (原版→段落): 0.012
2026-07-09 19:51:46,915 - exp10b - INFO -   滑动窗口: local_cv=inf, ratio=inf, pt_residual=1.7457
2026-07-09 19:51:46,915 - exp10b - INFO -   窗口判决: no_local_conservation
2026-07-09 19:51:46,915 - exp10b - INFO -   CV 梯度 原版 < 句子 < 段落: ✗ (0.5966 < 0.5959 < 0.5948)
2026-07-09 19:51:46,915 - exp10b - INFO -   ═══ 定理二判决: INCONCLUSIVE (置信度 0%) ═══
2026-07-09 19:51:46,915 - exp10b - INFO -   CV 梯度: 0.5966 → 0.5959 → 0.5948 ✗
2026-07-09 19:51:46,915 - exp10b - INFO -   配对 p(原版 vs 句子): 0.3471 ✗
2026-07-09 19:51:46,915 - exp10b - INFO -   配对 p(原版 vs 段落): 0.2064 ✗
2026-07-09 19:51:46,915 - exp10b - INFO -   局部/全局 CV 比: inf ?
2026-07-09 19:51:46,915 - exp10b - INFO -   Cohen's d (原版→句子): 0.017 | (原版→段落): 0.012
2026-07-09 19:51:46,915 - exp10b - INFO - 
--- 保存结果 ---
2026-07-09 19:51:46,916 - exp10b - INFO - JSON 报告: C:\Users\51615\Desktop\2026.7.9.8.43对称、破缺与约束场\exp10_outputs\exp10b_report.json
2026-07-09 19:51:46,916 - exp10b - INFO - Markdown 报告: C:\Users\51615\Desktop\2026.7.9.8.43对称、破缺与约束场\exp10_outputs\exp10b_report.md
2026-07-09 19:51:46,917 - exp10b - INFO - 
======================================================================
2026-07-09 19:51:46,917 - exp10b - INFO - exp10b 完成！
2026-07-09 19:51:46,917 - exp10b - INFO -   定理二判决: INCONCLUSIVE
2026-07-09 19:51:46,917 - exp10b - INFO -   置信度: 0.00%
2026-07-09 19:51:46,917 - exp10b - INFO -   CV 梯度: 0.5966 → 0.5959 → 0.5948
2026-07-09 19:51:46,917 - exp10b - INFO -   梯度单调: ✗
2026-07-09 19:51:46,917 - exp10b - INFO -   配对 p(原版 vs 句子): 0.3471
2026-07-09 19:51:46,917 - exp10b - INFO -   配对 p(原版 vs 段落): 0.2064
2026-07-09 19:51:46,917 - exp10b - INFO -   平行移动 CV 比: inf
2026-07-09 19:51:46,917 - exp10b - INFO - ======================================================================
2026-07-09 19:52:47,769 - exp10b - INFO - ======================================================================
2026-07-09 19:52:47,769 - exp10b - INFO - exp10b: 定理二专项验证 — τ/κ 共形不变性
2026-07-09 19:52:47,769 - exp10b - INFO - 设备: cuda, 时间: 2026-07-09 19:52:47
2026-07-09 19:52:47,769 - exp10b - INFO - 叙事: 最小代价争取第一个定理级 SUPPORT
2026-07-09 19:52:47,769 - exp10b - INFO - ======================================================================
2026-07-09 19:52:47,772 - exp10b - INFO - d_model=128, base_dim=32
2026-07-09 19:52:47,772 - exp10b - INFO - 
--- 创建 128D 模型 ---
2026-07-09 19:52:47,900 - exp10b - INFO - 模型: 3,484,032 参数, 128D MVE, max_seq=256
2026-07-09 19:52:47,900 - exp10b - INFO - 
--- 生成数据 (200个故事) ---
2026-07-09 19:52:48,131 - exp10b - INFO - train=320, val=40, test=40
2026-07-09 19:52:48,131 - exp10b - INFO - 
--- 训练模型 ---
2026-07-09 19:52:48,133 - exp10b - INFO - [训练] 128D_exp10b: 15 epochs, train=320, val=40
