2026-07-09 16:49:42,142 - exp10 - INFO - ======================================================================
2026-07-09 16:49:42,142 - exp10 - INFO - exp10: 几何动力学尺度升级 — 叙事驱动力验证
2026-07-09 16:49:42,142 - exp10 - INFO - 设备: cuda, 时间: 2026-07-09 16:49:42
2026-07-09 16:49:42,142 - exp10 - INFO - 叙事: 如果几何本体论是对的，那么错误在动力学细节里
2026-07-09 16:49:42,143 - exp10 - INFO - ======================================================================
2026-07-09 16:49:42,146 - exp10 - INFO - 原始配置: d_model=128, base_dim=32
2026-07-09 16:49:42,146 - exp10 - INFO - 
--- 创建模型 ---
2026-07-09 16:49:42,283 - exp10 - INFO - 高维模型(128D): 3,484,032 参数
2026-07-09 16:49:42,338 - exp10 - INFO - 低维模型(32D): 466,464 参数
2026-07-09 16:49:42,338 - exp10 - INFO - 
--- 生成叙事数据 ---
2026-07-09 16:49:42,691 - exp10 - INFO - 高维数据: train=480, test=60
2026-07-09 16:49:42,691 - exp10 - INFO - 低维数据: train=320, test=40
2026-07-09 16:49:42,691 - exp10 - INFO - 
--- 训练模型 ---
2026-07-09 16:49:42,691 - exp10 - INFO - [训练] high_128D: 20 epochs, train=480, val=60
2026-07-09 16:49:51,608 - exp10 - INFO - ======================================================================
2026-07-09 16:49:51,608 - exp10 - INFO - exp10: 几何动力学尺度升级 — 叙事驱动力验证
2026-07-09 16:49:51,608 - exp10 - INFO - 设备: cuda, 时间: 2026-07-09 16:49:51
2026-07-09 16:49:51,608 - exp10 - INFO - 叙事: 如果几何本体论是对的，那么错误在动力学细节里
2026-07-09 16:49:51,609 - exp10 - INFO - ======================================================================
2026-07-09 16:49:51,612 - exp10 - INFO - 原始配置: d_model=128, base_dim=32
2026-07-09 16:49:51,612 - exp10 - INFO - 
--- 创建模型 ---
2026-07-09 16:49:51,732 - exp10 - INFO - 高维模型(128D): 3,484,032 参数
2026-07-09 16:49:51,737 - exp10 - INFO - 低维模型(32D): 466,464 参数
2026-07-09 16:49:51,737 - exp10 - INFO - 
--- 生成叙事数据 ---
2026-07-09 16:49:52,055 - exp10 - INFO - 高维数据: train=480, test=60
2026-07-09 16:49:52,055 - exp10 - INFO - 低维数据: train=320, test=40
2026-07-09 16:49:52,055 - exp10 - INFO - 
--- 训练模型 ---
2026-07-09 16:49:52,055 - exp10 - INFO - [训练] high_128D: 20 epochs, train=480, val=60
2026-07-09 16:50:36,695 - exp10 - INFO - ======================================================================
2026-07-09 16:50:36,695 - exp10 - INFO - exp10: 几何动力学尺度升级 — 叙事驱动力验证
2026-07-09 16:50:36,696 - exp10 - INFO - 设备: cuda, 时间: 2026-07-09 16:50:36
2026-07-09 16:50:36,696 - exp10 - INFO - 叙事: 如果几何本体论是对的，那么错误在动力学细节里
2026-07-09 16:50:36,696 - exp10 - INFO - ======================================================================
2026-07-09 16:50:36,699 - exp10 - INFO - 原始配置: d_model=128, base_dim=32
2026-07-09 16:50:36,699 - exp10 - INFO - 
--- 创建模型 ---
2026-07-09 16:50:36,823 - exp10 - INFO - 高维模型(128D, seq=256): 3,484,032 参数
2026-07-09 16:50:36,828 - exp10 - INFO - 低维模型(32D): 466,464 参数
2026-07-09 16:50:36,829 - exp10 - INFO - 
--- 生成叙事数据 ---
2026-07-09 16:50:37,145 - exp10 - INFO - 高维数据: train=480, test=60
2026-07-09 16:50:37,145 - exp10 - INFO - 低维数据: train=320, test=40
2026-07-09 16:50:37,145 - exp10 - INFO - 
--- 训练模型 ---
2026-07-09 16:50:37,145 - exp10 - INFO - [训练] high_128D: 20 epochs, train=480, val=60
2026-07-09 17:21:10,725 - exp10 - INFO - ======================================================================
2026-07-09 17:21:10,726 - exp10 - INFO - exp10: 几何动力学尺度升级 — 叙事驱动力验证
2026-07-09 17:21:10,726 - exp10 - INFO - 设备: cuda, 时间: 2026-07-09 17:21:10
2026-07-09 17:21:10,726 - exp10 - INFO - 叙事: 如果几何本体论是对的，那么错误在动力学细节里
2026-07-09 17:21:10,726 - exp10 - INFO - ======================================================================
2026-07-09 17:21:10,729 - exp10 - INFO - 原始配置: d_model=128, base_dim=32
2026-07-09 17:21:10,730 - exp10 - INFO - 
--- 创建模型 ---
2026-07-09 17:21:10,860 - exp10 - INFO - 高维模型(128D, seq=256): 3,484,032 参数
2026-07-09 17:21:10,865 - exp10 - INFO - 低维模型(32D): 466,464 参数
2026-07-09 17:21:10,865 - exp10 - INFO - 
--- 生成叙事数据 ---
2026-07-09 17:21:10,917 - exp10 - INFO - 高维数据: train=96, test=12
2026-07-09 17:21:10,917 - exp10 - INFO - 低维数据: train=64, test=8
2026-07-09 17:21:10,917 - exp10 - INFO - 
--- 训练模型 ---
2026-07-09 17:21:10,917 - exp10 - INFO - [训练] high_128D: 3 epochs, train=96, val=12
2026-07-09 17:22:58,227 - exp10 - INFO - [训练] low_32D: 3 epochs, train=64, val=8
2026-07-09 17:23:36,016 - exp10 - INFO - 
======================================================================
2026-07-09 17:23:36,016 - exp10 - INFO - 运行 exp10 四部分实验
2026-07-09 17:23:36,016 - exp10 - INFO - ======================================================================
2026-07-09 17:29:59,186 - exp10 - INFO - 
--- 保存结果 ---
2026-07-09 17:29:59,188 - exp10 - INFO - JSON 报告: C:\Users\51615\Desktop\2026.7.9.8.43对称、破缺与约束场\exp10_outputs\exp10_report.json
2026-07-09 17:29:59,189 - exp10 - INFO - Markdown 报告: C:\Users\51615\Desktop\2026.7.9.8.43对称、破缺与约束场\exp10_outputs\exp10_report.md
2026-07-09 17:29:59,189 - exp10 - INFO - 
======================================================================
2026-07-09 17:29:59,189 - exp10 - INFO - exp10 完成！
2026-07-09 17:29:59,189 - exp10 - INFO -   先验固化度: 0.48
2026-07-09 17:29:59,189 - exp10 - INFO -   后验固化度: 0.57
2026-07-09 17:29:59,189 - exp10 - INFO -   叙事位置: 涅槃II-断舍剥离: 保留刚性+拓扑，中间层仍需迭代
2026-07-09 17:29:59,189 - exp10 - INFO -   耗时: 383.2s
2026-07-09 17:29:59,189 - exp10 - INFO - ======================================================================
2026-07-09 19:38:32,373 - exp10 - INFO - ======================================================================
2026-07-09 19:38:32,374 - exp10 - INFO - exp10: 几何动力学尺度升级 — 叙事驱动力验证
2026-07-09 19:38:32,374 - exp10 - INFO - 设备: cuda, 时间: 2026-07-09 19:38:32
2026-07-09 19:38:32,374 - exp10 - INFO - 叙事: 如果几何本体论是对的，那么错误在动力学细节里
2026-07-09 19:38:32,374 - exp10 - INFO - ======================================================================
2026-07-09 19:38:32,379 - exp10 - INFO - 原始配置: d_model=128, base_dim=32
2026-07-09 19:38:32,379 - exp10 - INFO - 
--- 创建模型 ---
2026-07-09 19:38:32,593 - exp10 - INFO - 高维模型(128D, seq=256): 3,484,032 参数
2026-07-09 19:38:32,597 - exp10 - INFO - 低维模型(32D): 466,464 参数
2026-07-09 19:38:32,597 - exp10 - INFO - 
--- 生成叙事数据 ---
2026-07-09 19:38:32,661 - exp10 - INFO - 高维数据: train=96, test=12
2026-07-09 19:38:32,661 - exp10 - INFO - 低维数据: train=64, test=8
2026-07-09 19:38:32,661 - exp10 - INFO - 
--- 训练模型 ---
2026-07-09 19:38:32,661 - exp10 - INFO - [训练] high_128D: 3 epochs, train=96, val=12
2026-07-09 19:40:28,182 - exp10 - INFO - [训练] low_32D: 3 epochs, train=64, val=8
2026-07-09 19:41:00,484 - exp10 - INFO - 
======================================================================
2026-07-09 19:41:00,484 - exp10 - INFO - 运行 exp10 四部分实验
2026-07-09 19:41:00,484 - exp10 - INFO - ======================================================================
2026-07-09 19:43:20,470 - exp10 - INFO - 
--- 保存结果 ---
2026-07-09 19:43:20,472 - exp10 - INFO - JSON 报告: C:\Users\51615\Desktop\2026.7.9.8.43对称、破缺与约束场\exp10_outputs\exp10_report.json
2026-07-09 19:43:20,473 - exp10 - INFO - Markdown 报告: C:\Users\51615\Desktop\2026.7.9.8.43对称、破缺与约束场\exp10_outputs\exp10_report.md
2026-07-09 19:43:20,473 - exp10 - INFO - 
======================================================================
2026-07-09 19:43:20,473 - exp10 - INFO - exp10 完成！
2026-07-09 19:43:20,473 - exp10 - INFO -   先验固化度: 0.48
2026-07-09 19:43:20,473 - exp10 - INFO -   后验固化度: 0.57
2026-07-09 19:43:20,473 - exp10 - INFO -   叙事位置: 涅槃II-断舍剥离: 保留刚性+拓扑，中间层仍需迭代
2026-07-09 19:43:20,473 - exp10 - INFO -   耗时: 140.0s
2026-07-09 19:43:20,473 - exp10 - INFO - ======================================================================
